#
# A fatal error has been detected by the Java Runtime Environment:
#
#  EXCEPTION_ACCESS_VIOLATION (0xc0000005) at pc=0x00007ffc655e2b60, pid=1232, tid=16280
#
# JRE version: OpenJDK Runtime Environment Temurin-17.0.7+7 (17.0.7+7) (build 17.0.7+7)
# Java VM: OpenJDK 64-Bit Server VM Temurin-17.0.7+7 (17.0.7+7, mixed mode, sharing, tiered, compressed oops, compressed class ptrs, g1 gc, windows-amd64)
# Problematic frame:
# C  [atio6axx.dll+0x192b60]
#
# No core dump will be written. Minidumps are not enabled by default on client versions of Windows
#
# If you would like to submit a bug report, please visit:
#   https://github.com/adoptium/adoptium-support/issues
# The crash happened outside the Java Virtual Machine in native code.
# See problematic frame for where to report the bug.
#

---------------  S U M M A R Y ------------

Command Line: -Dforge.enableGameTest=true -Dforge.logging.console.level=debug -Dforge.logging.markers=REGISTRIES -DignoreList=bootstraplauncher,securejarhandler,asm-commons,asm-util,asm-analysis,asm-tree,asm,JarJarFileSystems,client-extra,fmlcore,javafmllanguage,lowcodelanguage,mclanguage,forge- -Djava.net.preferIPv6Addresses=system -DlegacyClassPath.file=C:\Users\yochan\MCreatorWorkspaces\chakra\build\classpath\runClient_minecraftClasspath.txt -DmergeModules=jna-5.10.0.jar,jna-platform-5.10.0.jar --module-path=C:\Users\yochan\.mcreator\gradle\caches\modules-2\files-2.1\cpw.mods\bootstraplauncher\1.1.2\c546e00443d8432cda6baa1c860346980742628\bootstraplauncher-1.1.2.jar;C:\Users\yochan\.mcreator\gradle\caches\modules-2\files-2.1\cpw.mods\securejarhandler\2.1.10\51e6a22c6c716beb11e244bf5b8be480f51dd6b5\securejarhandler-2.1.10.jar;C:\Users\yochan\.mcreator\gradle\caches\modules-2\files-2.1\org.ow2.asm\asm-commons\9.5\19ab5b5800a3910d30d3a3e64fdb00fd0cb42de0\asm-commons-9.5.jar;C:\Users\yochan\.mcreator\gradle\caches\modules-2\files-2.1\org.ow2.asm\asm-util\9.5\64b5a1fc8c1b15ed2efd6a063e976bc8d3dc5ffe\asm-util-9.5.jar;C:\Users\yochan\.mcreator\gradle\caches\modules-2\files-2.1\org.ow2.asm\asm-analysis\9.5\490bacc77de7cbc0be1a30bb3471072d705be4a4\asm-analysis-9.5.jar;C:\Users\yochan\.mcreator\gradle\caches\modules-2\files-2.1\org.ow2.asm\asm-tree\9.5\fd33c8b6373abaa675be407082fdfda35021254a\asm-tree-9.5.jar;C:\Users\yochan\.mcreator\gradle\caches\modules-2\files-2.1\org.ow2.asm\asm\9.5\dc6ea1875f4d64fbc85e1691c95b96a3d8569c90\asm-9.5.jar;C:\Users\yochan\.mcreator\gradle\caches\modules-2\files-2.1\net.minecraftforge\JarJarFileSystems\0.3.19\2464eb7d6b9ddb9db36a82cf8a95193e5c6fe020\JarJarFileSystems-0.3.19.jar --add-modules=ALL-MODULE-PATH --add-opens=java.base/java.util.jar=cpw.mods.securejarhandler --add-opens=java.base/java.lang.invoke=cpw.mods.securejarhandler --add-exports=java.base/sun.security.util=cpw.mods.securejarhandler --add-exports=jdk.naming.dns/com.sun.jndi.dns=java.naming -XX:HeapDumpPath=MojangTricksIntelDriversForPerformance_javaw.exe_minecraft.exe.heapdump -Dfile.encoding=UTF-8 -Duser.country=US -Duser.language=en -Duser.variant cpw.mods.bootstraplauncher.BootstrapLauncher --launchTarget forgeclientuserdev --version MOD_DEV --assetIndex 5 --assetsDir C:\Users\yochan\.mcreator\gradle\caches\forge_gradle\assets --gameDir . --fml.forgeVersion 47.1.0 --fml.mcVersion 1.20.1 --fml.forgeGroup net.minecraftforge --fml.mcpVersion 20230612.114412

Host: AMD Ryzen 7 6800U with Radeon Graphics         , 16 cores, 12G,  Windows 11 , 64 bit Build 22621 (10.0.22621.2070)
Time: Sat Sep  9 15:55:16 2023  Windows 11 , 64 bit Build 22621 (10.0.22621.2070) elapsed time: 2.774640 seconds (0d 0h 0m 2s)

---------------  T H R E A D  ---------------

Current thread (0x000001d908acd2c0):  JavaThread "main" [_thread_in_native, id=16280, stack(0x000000755b800000,0x000000755b900000)]

Stack: [0x000000755b800000,0x000000755b900000],  sp=0x000000755b8fb9d8,  free space=1006k
Native frames: (J=compiled Java code, j=interpreted, Vv=VM code, C=native code)
C  [atio6axx.dll+0x192b60]

Java frames: (J=compiled Java code, j=interpreted, Vv=VM code)
j  org.lwjgl.system.JNI.invokePPPP(IIJJJJ)J+0 org.lwjgl@3.3.1+7
j  org.lwjgl.glfw.GLFW.nglfwCreateWindow(IIJJJ)J+14 org.lwjgl.glfw@3.3.1+7
j  org.lwjgl.glfw.GLFW.glfwCreateWindow(IILjava/lang/CharSequence;JJ)J+34 org.lwjgl.glfw@3.3.1+7
j  net.minecraftforge.fml.earlydisplay.DisplayWindow.initWindow(Ljava/lang/String;)V+408 fmlearlydisplay@1.20.1-47.1.0
j  net.minecraftforge.fml.earlydisplay.DisplayWindow.start(Ljava/lang/String;Ljava/lang/String;)Ljava/lang/Runnable;+14 fmlearlydisplay@1.20.1-47.1.0
j  net.minecraftforge.fml.earlydisplay.DisplayWindow.initialize([Ljava/lang/String;)Ljava/lang/Runnable;+410 fmlearlydisplay@1.20.1-47.1.0
j  net.minecraftforge.fml.loading.ImmediateWindowHandler.load(Ljava/lang/String;[Ljava/lang/String;)V+180 fmlloader@1.20.1-47.1.0
j  net.minecraftforge.fml.loading.ModDirTransformerDiscoverer.earlyInitialization(Ljava/lang/String;[Ljava/lang/String;)V+2 fmlloader@1.20.1-47.1.0
j  cpw.mods.modlauncher.TransformationServicesHandler.lambda$discoverServices$18(Lcpw/mods/modlauncher/ArgumentHandler$DiscoveryData;Lcpw/mods/modlauncher/serviceapi/ITransformerDiscoveryService;)V+9 cpw.mods.modlauncher@10.0.9
j  cpw.mods.modlauncher.TransformationServicesHandler$$Lambda$417+0x00000008011d5478.accept(Ljava/lang/Object;)V+8 cpw.mods.modlauncher@10.0.9
J 2757 c2 java.lang.Iterable.forEach(Ljava/util/function/Consumer;)V java.base@17.0.7 (39 bytes) @ 0x000001d918342660 [0x000001d918341da0+0x00000000000008c0]
j  cpw.mods.modlauncher.TransformationServicesHandler.discoverServices(Lcpw/mods/modlauncher/ArgumentHandler$DiscoveryData;)V+145 cpw.mods.modlauncher@10.0.9
j  cpw.mods.modlauncher.Launcher.run([Ljava/lang/String;)V+14 cpw.mods.modlauncher@10.0.9
j  cpw.mods.modlauncher.Launcher.main([Ljava/lang/String;)V+78 cpw.mods.modlauncher@10.0.9
j  cpw.mods.modlauncher.BootstrapLaunchConsumer.accept([Ljava/lang/String;)V+1 cpw.mods.modlauncher@10.0.9
j  cpw.mods.modlauncher.BootstrapLaunchConsumer.accept(Ljava/lang/Object;)V+5 cpw.mods.modlauncher@10.0.9
j  cpw.mods.bootstraplauncher.BootstrapLauncher.main([Ljava/lang/String;)V+515 cpw.mods.bootstraplauncher@1.1.2
v  ~StubRoutines::call_stub

siginfo: EXCEPTION_ACCESS_VIOLATION (0xc0000005), reading address 0xffffffffffffffff


Register to memory mapping:

RIP=0x00007ffc655e2b60 atio6axx.dll
RAX=0x0 is NULL
RBX=0x00007ffc68e233b0 atio6axx.dll
RCX=0x2d73656c69665c32 is an unknown value
RDX=0x00000000000000d0 is an unknown value
RSP=0x000000755b8fb9d8 is pointing into the stack for thread: 0x000001d908acd2c0
RBP=0x000000755b8fbb40 is pointing into the stack for thread: 0x000001d908acd2c0
RSI=0x00007ffc68d32d40 atio6axx.dll
RDI=0x000000755b8fbe30 is pointing into the stack for thread: 0x000001d908acd2c0
R8 =0x00000000000001a5 is an unknown value
R9 =0x2d73656c69665c32 is an unknown value
R10=0x0 is NULL
R11=0x0000000000000200 is an unknown value
R12=0x00007ffc68e23408 atio6axx.dll
R13=0x00007ffc68e25c08 atio6axx.dll
R14=0x00007ffc68e233b0 atio6axx.dll
R15=0x0 is NULL


Registers:
RAX=0x0000000000000000, RBX=0x00007ffc68e233b0, RCX=0x2d73656c69665c32, RDX=0x00000000000000d0
RSP=0x000000755b8fb9d8, RBP=0x000000755b8fbb40, RSI=0x00007ffc68d32d40, RDI=0x000000755b8fbe30
R8 =0x00000000000001a5, R9 =0x2d73656c69665c32, R10=0x0000000000000000, R11=0x0000000000000200
R12=0x00007ffc68e23408, R13=0x00007ffc68e25c08, R14=0x00007ffc68e233b0, R15=0x0000000000000000
RIP=0x00007ffc655e2b60, EFLAGS=0x0000000000010202

Top of Stack: (sp=0x000000755b8fb9d8)
0x000000755b8fb9d8:   00007ffc655e2e7c 00007ffc68e26020
0x000000755b8fb9e8:   000001d932bf5b48 0000000000000000
0x000000755b8fb9f8:   00007ffc655e3e8d 000000755b8fbe30
0x000000755b8fba08:   00007ffc6559f484 00007ffc68e233b0
0x000000755b8fba18:   00007ffc68d32d40 0000652e6176616a
0x000000755b8fba28:   0000bedc5d7d3b8e 000000755b8fbe30
0x000000755b8fba38:   00007ffc655a0457 00007ffc68e233b8
0x000000755b8fba48:   00007ffc68d32d40 00007ffc68d32d40
0x000000755b8fba58:   000000755b8fb948 00007ffc68e233b0
0x000000755b8fba68:   00007ffd00000000 0000000000000009
0x000000755b8fba78:   000001d93220eeac 000001d93220f008
0x000000755b8fba88:   00007ffc68e233b8 000000755b8fbe30
0x000000755b8fba98:   000000755b8fbbe7 00007f006176616a
0x000000755b8fbaa8:   00007f006176616a 46676e697274535c
0x000000755b8fbab8:   5c6f666e49656c69 3062343039303430
0x000000755b8fbac8:   726556656c69465c 000000006e6f6973 

Instructions: (pc=0x00007ffc655e2b60)
0x00007ffc655e2a60:   74 09 33 c9 ff 15 e6 89 66 03 90 48 8b c3 48 83
0x00007ffc655e2a70:   c4 20 5b c3 cc cc cc cc cc cc cc cc cc cc cc cc
0x00007ffc655e2a80:   48 83 ec 28 48 8b 51 08 48 85 d2 74 09 33 c9 ff
0x00007ffc655e2a90:   15 bb 89 66 03 90 48 83 c4 28 c3 cc cc cc cc cc
0x00007ffc655e2aa0:   48 89 11 c3 cc cc cc cc cc cc cc cc cc cc cc cc
0x00007ffc655e2ab0:   48 8b c1 c3 cc cc cc cc cc cc cc cc cc cc cc cc
0x00007ffc655e2ac0:   48 3b ca 74 10 41 8b 00 39 01 74 09 48 83 c1 04
0x00007ffc655e2ad0:   48 3b ca 75 f3 48 8b c1 c3 cc cc cc cc cc cc cc
0x00007ffc655e2ae0:   48 8b c1 c3 cc cc cc cc cc cc cc cc cc cc cc cc
0x00007ffc655e2af0:   48 83 39 00 0f 94 c0 c3 cc cc cc cc cc cc cc cc
0x00007ffc655e2b00:   4c 8d 04 d5 00 00 00 00 33 d2 e9 c1 d0 dd 01 cc
0x00007ffc655e2b10:   4c 8b 41 08 48 8b 02 49 89 00 48 83 41 08 08 c3
0x00007ffc655e2b20:   48 8b c1 c3 cc cc cc cc cc cc cc cc cc cc cc cc
0x00007ffc655e2b30:   48 8b c1 c3 cc cc cc cc cc cc cc cc cc cc cc cc
0x00007ffc655e2b40:   49 8b 00 48 89 02 c3 cc cc cc cc cc cc cc cc cc
0x00007ffc655e2b50:   8b 81 40 39 00 00 c3 cc cc cc cc cc cc cc cc cc
0x00007ffc655e2b60:   8b 81 40 39 00 00 83 c0 f0 83 f8 67 0f 87 5a 01
0x00007ffc655e2b70:   00 00 48 8d 15 87 d4 e6 ff 0f b6 84 02 f0 2c 19
0x00007ffc655e2b80:   00 8b 8c 82 d0 2c 19 00 48 03 ca ff e1 48 8b 0d
0x00007ffc655e2b90:   6c 6f 7e 03 83 b9 b4 34 00 00 02 0f 87 2b 01 00
0x00007ffc655e2ba0:   00 48 8d 91 0c 29 00 00 c7 02 e1 00 00 00 e9 ce
0x00007ffc655e2bb0:   00 00 00 48 8b 0d 46 6f 7e 03 83 b9 b4 34 00 00
0x00007ffc655e2bc0:   02 0f 87 05 01 00 00 48 8d 91 0c 29 00 00 c7 02
0x00007ffc655e2bd0:   f0 00 00 00 e9 a8 00 00 00 48 8b 0d 20 6f 7e 03
0x00007ffc655e2be0:   83 b9 b4 34 00 00 02 0f 87 df 00 00 00 48 8d 91
0x00007ffc655e2bf0:   0c 29 00 00 c7 02 00 04 00 00 e9 82 00 00 00 48
0x00007ffc655e2c00:   8b 0d fa 6e 7e 03 83 b9 b4 34 00 00 02 0f 87 b9
0x00007ffc655e2c10:   00 00 00 48 8d 91 0c 29 00 00 c7 02 00 08 00 00
0x00007ffc655e2c20:   eb 5f 48 8b 0d d7 6e 7e 03 83 b9 b4 34 00 00 02
0x00007ffc655e2c30:   0f 87 96 00 00 00 48 8d 91 0c 29 00 00 c7 02 00
0x00007ffc655e2c40:   09 00 00 eb 3c 48 8b 0d b4 6e 7e 03 83 b9 b4 34
0x00007ffc655e2c50:   00 00 02 77 77 48 8d 91 0c 29 00 00 c7 02 3c 0f 


Stack slot to memory mapping:
stack at sp + 0 slots: 0x00007ffc655e2e7c atio6axx.dll
stack at sp + 1 slots: 0x00007ffc68e26020 atio6axx.dll
stack at sp + 2 slots: 0x000001d932bf5b48 points into unknown readable memory: 0x00007ffc6862f5f0 | f0 f5 62 68 fc 7f 00 00
stack at sp + 3 slots: 0x0 is NULL
stack at sp + 4 slots: 0x00007ffc655e3e8d atio6axx.dll
stack at sp + 5 slots: 0x000000755b8fbe30 is pointing into the stack for thread: 0x000001d908acd2c0
stack at sp + 6 slots: 0x00007ffc6559f484 atio6axx.dll
stack at sp + 7 slots: 0x00007ffc68e233b0 atio6axx.dll


---------------  P R O C E S S  ---------------

Threads class SMR info:
_java_thread_list=0x000001d92f35e010, length=21, elements={
0x000001d908acd2c0, 0x000001d92a22bac0, 0x000001d92a2315b0, 0x000001d92a2331b0,
0x000001d92a233b50, 0x000001d92a232ce0, 0x000001d92a2344f0, 0x000001d92a8419c0,
0x000001d92a849c90, 0x000001d92a8535b0, 0x000001d92a8f34a0, 0x000001d92a234020,
0x000001d92a9ba2d0, 0x000001d92a9bb610, 0x000001d92a9bbb20, 0x000001d92a233680,
0x000001d92f59b280, 0x000001d92f58b050, 0x000001d92f5b8ba0, 0x000001d92f6c0540,
0x000001d92a232810
}

Java Threads: ( => current thread )
=>0x000001d908acd2c0 JavaThread "main" [_thread_in_native, id=16280, stack(0x000000755b800000,0x000000755b900000)]
  0x000001d92a22bac0 JavaThread "Reference Handler" daemon [_thread_blocked, id=11188, stack(0x000000755bf00000,0x000000755c000000)]
  0x000001d92a2315b0 JavaThread "Finalizer" daemon [_thread_blocked, id=16672, stack(0x000000755c000000,0x000000755c100000)]
  0x000001d92a2331b0 JavaThread "Signal Dispatcher" daemon [_thread_blocked, id=7232, stack(0x000000755c100000,0x000000755c200000)]
  0x000001d92a233b50 JavaThread "Attach Listener" daemon [_thread_blocked, id=7240, stack(0x000000755c200000,0x000000755c300000)]
  0x000001d92a232ce0 JavaThread "Service Thread" daemon [_thread_blocked, id=17292, stack(0x000000755c300000,0x000000755c400000)]
  0x000001d92a2344f0 JavaThread "Monitor Deflation Thread" daemon [_thread_blocked, id=17240, stack(0x000000755c400000,0x000000755c500000)]
  0x000001d92a8419c0 JavaThread "C2 CompilerThread0" daemon [_thread_blocked, id=4824, stack(0x000000755c500000,0x000000755c600000)]
  0x000001d92a849c90 JavaThread "C1 CompilerThread0" daemon [_thread_blocked, id=10948, stack(0x000000755c600000,0x000000755c700000)]
  0x000001d92a8535b0 JavaThread "Sweeper thread" daemon [_thread_blocked, id=17012, stack(0x000000755c700000,0x000000755c800000)]
  0x000001d92a8f34a0 JavaThread "C1 CompilerThread1" daemon [_thread_blocked, id=16920, stack(0x000000755c800000,0x000000755c900000)]
  0x000001d92a234020 JavaThread "Common-Cleaner" daemon [_thread_blocked, id=7096, stack(0x000000755c900000,0x000000755ca00000)]
  0x000001d92a9ba2d0 JavaThread "C1 CompilerThread2" daemon [_thread_blocked, id=11640, stack(0x000000755ca00000,0x000000755cb00000)]
  0x000001d92a9bb610 JavaThread "C2 CompilerThread1" daemon [_thread_blocked, id=5920, stack(0x000000755cb00000,0x000000755cc00000)]
  0x000001d92a9bbb20 JavaThread "C2 CompilerThread2" daemon [_thread_blocked, id=17236, stack(0x000000755cc00000,0x000000755cd00000)]
  0x000001d92a233680 JavaThread "Notification Thread" daemon [_thread_blocked, id=17124, stack(0x000000755cd00000,0x000000755ce00000)]
  0x000001d92f59b280 JavaThread "C1 CompilerThread3" daemon [_thread_blocked, id=1420, stack(0x000000755cf00000,0x000000755d000000)]
  0x000001d92f58b050 JavaThread "C2 CompilerThread3" daemon [_thread_blocked, id=3340, stack(0x000000755d300000,0x000000755d400000)]
  0x000001d92f5b8ba0 JavaThread "C2 CompilerThread4" daemon [_thread_blocked, id=16512, stack(0x000000755d400000,0x000000755d500000)]
  0x000001d92f6c0540 JavaThread "C2 CompilerThread5" daemon [_thread_blocked, id=12272, stack(0x000000755d500000,0x000000755d600000)]
  0x000001d92a232810 JavaThread "pool-2-thread-1" daemon [_thread_blocked, id=1436, stack(0x000000755de00000,0x000000755df00000)]

Other Threads:
  0x000001d92a226460 VMThread "VM Thread" [stack: 0x000000755be00000,0x000000755bf00000] [id=3932]
  0x000001d92ab1b210 WatcherThread [stack: 0x000000755ce00000,0x000000755cf00000] [id=15920]
  0x000001d908b2c590 GCTaskThread "GC Thread#0" [stack: 0x000000755b900000,0x000000755ba00000] [id=2616]
  0x000001d92f5b8390 GCTaskThread "GC Thread#1" [stack: 0x000000755d000000,0x000000755d100000] [id=14836]
  0x000001d92f5b8640 GCTaskThread "GC Thread#2" [stack: 0x000000755d100000,0x000000755d200000] [id=9924]
  0x000001d92f5b88f0 GCTaskThread "GC Thread#3" [stack: 0x000000755d200000,0x000000755d300000] [id=5984]
  0x000001d932c0e360 GCTaskThread "GC Thread#4" [stack: 0x000000755d600000,0x000000755d700000] [id=8656]
  0x000001d92f6b0240 GCTaskThread "GC Thread#5" [stack: 0x000000755d700000,0x000000755d800000] [id=11840]
  0x000001d92f59dc40 GCTaskThread "GC Thread#6" [stack: 0x000000755d800000,0x000000755d900000] [id=16108]
  0x000001d92fad8720 GCTaskThread "GC Thread#7" [stack: 0x000000755d900000,0x000000755da00000] [id=7480]
  0x000001d933bd06b0 GCTaskThread "GC Thread#8" [stack: 0x000000755da00000,0x000000755db00000] [id=4368]
  0x000001d908b3b1e0 ConcurrentGCThread "G1 Main Marker" [stack: 0x000000755ba00000,0x000000755bb00000] [id=10004]
  0x000001d908b3d150 ConcurrentGCThread "G1 Conc#0" [stack: 0x000000755bb00000,0x000000755bc00000] [id=5608]
  0x000001d908b5e390 ConcurrentGCThread "G1 Refine#0" [stack: 0x000000755bc00000,0x000000755bd00000] [id=4816]
  0x000001d908b5eb60 ConcurrentGCThread "G1 Service" [stack: 0x000000755bd00000,0x000000755be00000] [id=13344]

Threads with active compile tasks:

VM state: not at safepoint (normal execution)

VM Mutex/Monitor currently owned by a thread: None

Heap address: 0x0000000733600000, size: 3274 MB, Compressed Oops mode: Zero based, Oop shift amount: 3

CDS archive(s) mapped at: [0x0000000800000000-0x0000000800bc0000-0x0000000800bc0000), size 12320768, SharedBaseAddress: 0x0000000800000000, ArchiveRelocationMode: 0.
Compressed class space mapped at: 0x0000000801000000-0x0000000841000000, reserved size: 1073741824
Narrow klass base: 0x0000000800000000, Narrow klass shift: 0, Narrow klass range: 0x100000000

GC Precious Log:
 CPUs: 16 total, 16 available
 Memory: 13093M
 Large Page Support: Disabled
 NUMA Support: Disabled
 Compressed Oops: Enabled (Zero based)
 Heap Region Size: 2M
 Heap Min Capacity: 8M
 Heap Initial Capacity: 206M
 Heap Max Capacity: 3274M
 Pre-touch: Disabled
 Parallel Workers: 13
 Concurrent Workers: 3
 Concurrent Refinement Workers: 13
 Periodic GC: Disabled

Heap:
 garbage-first heap   total 253952K, used 74033K [0x0000000733600000, 0x0000000800000000)
  region size 2048K, 24 young (49152K), 5 survivors (10240K)
 Metaspace       used 16692K, committed 17024K, reserved 1114112K
  class space    used 1893K, committed 2048K, reserved 1048576K

Heap Regions: E=young(eden), S=young(survivor), O=old, HS=humongous(starts), HC=humongous(continues), CS=collection set, F=free, OA=open archive, CA=closed archive, TAMS=top-at-mark-start (previous, next)
|   0|0x0000000733600000, 0x0000000733800000, 0x0000000733800000|100%|HS|  |TAMS 0x0000000733600000, 0x0000000733600000| Complete 
|   1|0x0000000733800000, 0x0000000733a00000, 0x0000000733a00000|100%| O|  |TAMS 0x0000000733800000, 0x0000000733800000| Untracked 
|   2|0x0000000733a00000, 0x0000000733c00000, 0x0000000733c00000|100%| O|  |TAMS 0x0000000733a00000, 0x0000000733a00000| Untracked 
|   3|0x0000000733c00000, 0x0000000733e00000, 0x0000000733e00000|100%|HS|  |TAMS 0x0000000733c00000, 0x0000000733c00000| Complete 
|   4|0x0000000733e00000, 0x0000000734000000, 0x0000000734000000|100%| O|  |TAMS 0x0000000733e00000, 0x0000000733e00000| Untracked 
|   5|0x0000000734000000, 0x0000000734200000, 0x0000000734200000|100%| O|  |TAMS 0x0000000734000000, 0x0000000734000000| Untracked 
|   6|0x0000000734200000, 0x0000000734400000, 0x0000000734400000|100%|HS|  |TAMS 0x0000000734200000, 0x0000000734200000| Complete 
|   7|0x0000000734400000, 0x0000000734600000, 0x0000000734600000|100%|HS|  |TAMS 0x0000000734400000, 0x0000000734400000| Complete 
|   8|0x0000000734600000, 0x0000000734800000, 0x0000000734800000|100%| O|  |TAMS 0x0000000734600000, 0x0000000734600000| Untracked 
|   9|0x0000000734800000, 0x0000000734a00000, 0x0000000734a00000|100%| O|  |TAMS 0x0000000734800000, 0x0000000734800000| Untracked 
|  10|0x0000000734a00000, 0x0000000734c00000, 0x0000000734c00000|100%| O|  |TAMS 0x0000000734a00000, 0x0000000734a00000| Untracked 
|  11|0x0000000734c00000, 0x0000000734e00000, 0x0000000734e00000|100%| O|  |TAMS 0x0000000734c00000, 0x0000000734c00000| Untracked 
|  12|0x0000000734e00000, 0x0000000735000000, 0x0000000735000000|100%| O|  |TAMS 0x0000000734e00000, 0x0000000734e00000| Untracked 
|  13|0x0000000735000000, 0x000000073517d000, 0x0000000735200000| 74%| O|  |TAMS 0x0000000735000000, 0x0000000735000000| Untracked 
|  14|0x0000000735200000, 0x0000000735200000, 0x0000000735400000|  0%| F|  |TAMS 0x0000000735200000, 0x0000000735200000| Untracked 
|  15|0x0000000735400000, 0x0000000735400000, 0x0000000735600000|  0%| F|  |TAMS 0x0000000735400000, 0x0000000735400000| Untracked 
|  16|0x0000000735600000, 0x0000000735600000, 0x0000000735800000|  0%| F|  |TAMS 0x0000000735600000, 0x0000000735600000| Untracked 
|  17|0x0000000735800000, 0x0000000735800000, 0x0000000735a00000|  0%| F|  |TAMS 0x0000000735800000, 0x0000000735800000| Untracked 
|  18|0x0000000735a00000, 0x0000000735a00000, 0x0000000735c00000|  0%| F|  |TAMS 0x0000000735a00000, 0x0000000735a00000| Untracked 
|  19|0x0000000735c00000, 0x0000000735c00000, 0x0000000735e00000|  0%| F|  |TAMS 0x0000000735c00000, 0x0000000735c00000| Untracked 
|  20|0x0000000735e00000, 0x0000000735e00000, 0x0000000736000000|  0%| F|  |TAMS 0x0000000735e00000, 0x0000000735e00000| Untracked 
|  21|0x0000000736000000, 0x0000000736000000, 0x0000000736200000|  0%| F|  |TAMS 0x0000000736000000, 0x0000000736000000| Untracked 
|  22|0x0000000736200000, 0x0000000736200000, 0x0000000736400000|  0%| F|  |TAMS 0x0000000736200000, 0x0000000736200000| Untracked 
|  23|0x0000000736400000, 0x0000000736400000, 0x0000000736600000|  0%| F|  |TAMS 0x0000000736400000, 0x0000000736400000| Untracked 
|  24|0x0000000736600000, 0x0000000736600000, 0x0000000736800000|  0%| F|  |TAMS 0x0000000736600000, 0x0000000736600000| Untracked 
|  25|0x0000000736800000, 0x0000000736800000, 0x0000000736a00000|  0%| F|  |TAMS 0x0000000736800000, 0x0000000736800000| Untracked 
|  26|0x0000000736a00000, 0x0000000736a00000, 0x0000000736c00000|  0%| F|  |TAMS 0x0000000736a00000, 0x0000000736a00000| Untracked 
|  27|0x0000000736c00000, 0x0000000736c00000, 0x0000000736e00000|  0%| F|  |TAMS 0x0000000736c00000, 0x0000000736c00000| Untracked 
|  28|0x0000000736e00000, 0x0000000736e00000, 0x0000000737000000|  0%| F|  |TAMS 0x0000000736e00000, 0x0000000736e00000| Untracked 
|  29|0x0000000737000000, 0x0000000737000000, 0x0000000737200000|  0%| F|  |TAMS 0x0000000737000000, 0x0000000737000000| Untracked 
|  30|0x0000000737200000, 0x0000000737200000, 0x0000000737400000|  0%| F|  |TAMS 0x0000000737200000, 0x0000000737200000| Untracked 
|  31|0x0000000737400000, 0x0000000737400000, 0x0000000737600000|  0%| F|  |TAMS 0x0000000737400000, 0x0000000737400000| Untracked 
|  32|0x0000000737600000, 0x0000000737600000, 0x0000000737800000|  0%| F|  |TAMS 0x0000000737600000, 0x0000000737600000| Untracked 
|  33|0x0000000737800000, 0x0000000737800000, 0x0000000737a00000|  0%| F|  |TAMS 0x0000000737800000, 0x0000000737800000| Untracked 
|  34|0x0000000737a00000, 0x0000000737a00000, 0x0000000737c00000|  0%| F|  |TAMS 0x0000000737a00000, 0x0000000737a00000| Untracked 
|  35|0x0000000737c00000, 0x0000000737c00000, 0x0000000737e00000|  0%| F|  |TAMS 0x0000000737c00000, 0x0000000737c00000| Untracked 
|  36|0x0000000737e00000, 0x0000000737e00000, 0x0000000738000000|  0%| F|  |TAMS 0x0000000737e00000, 0x0000000737e00000| Untracked 
|  37|0x0000000738000000, 0x00000007380cf410, 0x0000000738200000| 40%| S|CS|TAMS 0x0000000738000000, 0x0000000738000000| Complete 
|  38|0x0000000738200000, 0x0000000738400000, 0x0000000738400000|100%| S|CS|TAMS 0x0000000738200000, 0x0000000738200000| Complete 
|  39|0x0000000738400000, 0x0000000738600000, 0x0000000738600000|100%| S|CS|TAMS 0x0000000738400000, 0x0000000738400000| Complete 
|  40|0x0000000738600000, 0x0000000738800000, 0x0000000738800000|100%| S|CS|TAMS 0x0000000738600000, 0x0000000738600000| Complete 
|  41|0x0000000738800000, 0x0000000738a00000, 0x0000000738a00000|100%| S|CS|TAMS 0x0000000738800000, 0x0000000738800000| Complete 
|  42|0x0000000738a00000, 0x0000000738a00000, 0x0000000738c00000|  0%| F|  |TAMS 0x0000000738a00000, 0x0000000738a00000| Untracked 
|  43|0x0000000738c00000, 0x0000000738c00000, 0x0000000738e00000|  0%| F|  |TAMS 0x0000000738c00000, 0x0000000738c00000| Untracked 
|  44|0x0000000738e00000, 0x0000000738e00000, 0x0000000739000000|  0%| F|  |TAMS 0x0000000738e00000, 0x0000000738e00000| Untracked 
|  45|0x0000000739000000, 0x0000000739000000, 0x0000000739200000|  0%| F|  |TAMS 0x0000000739000000, 0x0000000739000000| Untracked 
|  46|0x0000000739200000, 0x0000000739200000, 0x0000000739400000|  0%| F|  |TAMS 0x0000000739200000, 0x0000000739200000| Untracked 
|  47|0x0000000739400000, 0x0000000739400000, 0x0000000739600000|  0%| F|  |TAMS 0x0000000739400000, 0x0000000739400000| Untracked 
|  48|0x0000000739600000, 0x0000000739600000, 0x0000000739800000|  0%| F|  |TAMS 0x0000000739600000, 0x0000000739600000| Untracked 
|  49|0x0000000739800000, 0x0000000739800000, 0x0000000739a00000|  0%| F|  |TAMS 0x0000000739800000, 0x0000000739800000| Untracked 
|  50|0x0000000739a00000, 0x0000000739a00000, 0x0000000739c00000|  0%| F|  |TAMS 0x0000000739a00000, 0x0000000739a00000| Untracked 
|  51|0x0000000739c00000, 0x0000000739c00000, 0x0000000739e00000|  0%| F|  |TAMS 0x0000000739c00000, 0x0000000739c00000| Untracked 
|  52|0x0000000739e00000, 0x0000000739e00000, 0x000000073a000000|  0%| F|  |TAMS 0x0000000739e00000, 0x0000000739e00000| Untracked 
|  53|0x000000073a000000, 0x000000073a000000, 0x000000073a200000|  0%| F|  |TAMS 0x000000073a000000, 0x000000073a000000| Untracked 
|  54|0x000000073a200000, 0x000000073a200000, 0x000000073a400000|  0%| F|  |TAMS 0x000000073a200000, 0x000000073a200000| Untracked 
|  55|0x000000073a400000, 0x000000073a400000, 0x000000073a600000|  0%| F|  |TAMS 0x000000073a400000, 0x000000073a400000| Untracked 
|  56|0x000000073a600000, 0x000000073a600000, 0x000000073a800000|  0%| F|  |TAMS 0x000000073a600000, 0x000000073a600000| Untracked 
|  57|0x000000073a800000, 0x000000073a800000, 0x000000073aa00000|  0%| F|  |TAMS 0x000000073a800000, 0x000000073a800000| Untracked 
|  58|0x000000073aa00000, 0x000000073aa00000, 0x000000073ac00000|  0%| F|  |TAMS 0x000000073aa00000, 0x000000073aa00000| Untracked 
|  59|0x000000073ac00000, 0x000000073ac00000, 0x000000073ae00000|  0%| F|  |TAMS 0x000000073ac00000, 0x000000073ac00000| Untracked 
|  60|0x000000073ae00000, 0x000000073ae00000, 0x000000073b000000|  0%| F|  |TAMS 0x000000073ae00000, 0x000000073ae00000| Untracked 
|  61|0x000000073b000000, 0x000000073b000000, 0x000000073b200000|  0%| F|  |TAMS 0x000000073b000000, 0x000000073b000000| Untracked 
|  62|0x000000073b200000, 0x000000073b200000, 0x000000073b400000|  0%| F|  |TAMS 0x000000073b200000, 0x000000073b200000| Untracked 
|  63|0x000000073b400000, 0x000000073b400000, 0x000000073b600000|  0%| F|  |TAMS 0x000000073b400000, 0x000000073b400000| Untracked 
|  64|0x000000073b600000, 0x000000073b600000, 0x000000073b800000|  0%| F|  |TAMS 0x000000073b600000, 0x000000073b600000| Untracked 
|  65|0x000000073b800000, 0x000000073b800000, 0x000000073ba00000|  0%| F|  |TAMS 0x000000073b800000, 0x000000073b800000| Untracked 
|  66|0x000000073ba00000, 0x000000073ba00000, 0x000000073bc00000|  0%| F|  |TAMS 0x000000073ba00000, 0x000000073ba00000| Untracked 
|  67|0x000000073bc00000, 0x000000073bc00000, 0x000000073be00000|  0%| F|  |TAMS 0x000000073bc00000, 0x000000073bc00000| Untracked 
|  68|0x000000073be00000, 0x000000073be00000, 0x000000073c000000|  0%| F|  |TAMS 0x000000073be00000, 0x000000073be00000| Untracked 
|  69|0x000000073c000000, 0x000000073c000000, 0x000000073c200000|  0%| F|  |TAMS 0x000000073c000000, 0x000000073c000000| Untracked 
|  70|0x000000073c200000, 0x000000073c200000, 0x000000073c400000|  0%| F|  |TAMS 0x000000073c200000, 0x000000073c200000| Untracked 
|  71|0x000000073c400000, 0x000000073c400000, 0x000000073c600000|  0%| F|  |TAMS 0x000000073c400000, 0x000000073c400000| Untracked 
|  72|0x000000073c600000, 0x000000073c600000, 0x000000073c800000|  0%| F|  |TAMS 0x000000073c600000, 0x000000073c600000| Untracked 
|  73|0x000000073c800000, 0x000000073c800000, 0x000000073ca00000|  0%| F|  |TAMS 0x000000073c800000, 0x000000073c800000| Untracked 
|  74|0x000000073ca00000, 0x000000073ca00000, 0x000000073cc00000|  0%| F|  |TAMS 0x000000073ca00000, 0x000000073ca00000| Untracked 
|  75|0x000000073cc00000, 0x000000073cc00000, 0x000000073ce00000|  0%| F|  |TAMS 0x000000073cc00000, 0x000000073cc00000| Untracked 
|  76|0x000000073ce00000, 0x000000073ce00000, 0x000000073d000000|  0%| F|  |TAMS 0x000000073ce00000, 0x000000073ce00000| Untracked 
|  77|0x000000073d000000, 0x000000073d000000, 0x000000073d200000|  0%| F|  |TAMS 0x000000073d000000, 0x000000073d000000| Untracked 
|  78|0x000000073d200000, 0x000000073d200000, 0x000000073d400000|  0%| F|  |TAMS 0x000000073d200000, 0x000000073d200000| Untracked 
|  79|0x000000073d400000, 0x000000073d400000, 0x000000073d600000|  0%| F|  |TAMS 0x000000073d400000, 0x000000073d400000| Untracked 
|  80|0x000000073d600000, 0x000000073d600000, 0x000000073d800000|  0%| F|  |TAMS 0x000000073d600000, 0x000000073d600000| Untracked 
|  81|0x000000073d800000, 0x000000073d800000, 0x000000073da00000|  0%| F|  |TAMS 0x000000073d800000, 0x000000073d800000| Untracked 
|  82|0x000000073da00000, 0x000000073da00000, 0x000000073dc00000|  0%| F|  |TAMS 0x000000073da00000, 0x000000073da00000| Untracked 
|  83|0x000000073dc00000, 0x000000073dc00000, 0x000000073de00000|  0%| F|  |TAMS 0x000000073dc00000, 0x000000073dc00000| Untracked 
|  84|0x000000073de00000, 0x000000073de00000, 0x000000073e000000|  0%| F|  |TAMS 0x000000073de00000, 0x000000073de00000| Untracked 
|  85|0x000000073e000000, 0x000000073e000000, 0x000000073e200000|  0%| F|  |TAMS 0x000000073e000000, 0x000000073e000000| Untracked 
|  86|0x000000073e200000, 0x000000073e200000, 0x000000073e400000|  0%| F|  |TAMS 0x000000073e200000, 0x000000073e200000| Untracked 
|  87|0x000000073e400000, 0x000000073e400000, 0x000000073e600000|  0%| F|  |TAMS 0x000000073e400000, 0x000000073e400000| Untracked 
|  88|0x000000073e600000, 0x000000073e600000, 0x000000073e800000|  0%| F|  |TAMS 0x000000073e600000, 0x000000073e600000| Untracked 
|  89|0x000000073e800000, 0x000000073e800000, 0x000000073ea00000|  0%| F|  |TAMS 0x000000073e800000, 0x000000073e800000| Untracked 
|  90|0x000000073ea00000, 0x000000073ea00000, 0x000000073ec00000|  0%| F|  |TAMS 0x000000073ea00000, 0x000000073ea00000| Untracked 
|  91|0x000000073ec00000, 0x000000073ec00000, 0x000000073ee00000|  0%| F|  |TAMS 0x000000073ec00000, 0x000000073ec00000| Untracked 
|  92|0x000000073ee00000, 0x000000073ee00000, 0x000000073f000000|  0%| F|  |TAMS 0x000000073ee00000, 0x000000073ee00000| Untracked 
|  93|0x000000073f000000, 0x000000073f000000, 0x000000073f200000|  0%| F|  |TAMS 0x000000073f000000, 0x000000073f000000| Untracked 
|  94|0x000000073f200000, 0x000000073f200000, 0x000000073f400000|  0%| F|  |TAMS 0x000000073f200000, 0x000000073f200000| Untracked 
|  95|0x000000073f400000, 0x000000073f400000, 0x000000073f600000|  0%| F|  |TAMS 0x000000073f400000, 0x000000073f400000| Untracked 
|  96|0x000000073f600000, 0x000000073f600000, 0x000000073f800000|  0%| F|  |TAMS 0x000000073f600000, 0x000000073f600000| Untracked 
|  97|0x000000073f800000, 0x000000073f800000, 0x000000073fa00000|  0%| F|  |TAMS 0x000000073f800000, 0x000000073f800000| Untracked 
|  98|0x000000073fa00000, 0x000000073fa00000, 0x000000073fc00000|  0%| F|  |TAMS 0x000000073fa00000, 0x000000073fa00000| Untracked 
|  99|0x000000073fc00000, 0x000000073fc00000, 0x000000073fe00000|  0%| F|  |TAMS 0x000000073fc00000, 0x000000073fc00000| Untracked 
| 100|0x000000073fe00000, 0x000000073fe00000, 0x0000000740000000|  0%| F|  |TAMS 0x000000073fe00000, 0x000000073fe00000| Untracked 
| 101|0x0000000740000000, 0x0000000740000000, 0x0000000740200000|  0%| F|  |TAMS 0x0000000740000000, 0x0000000740000000| Untracked 
| 102|0x0000000740200000, 0x0000000740200000, 0x0000000740400000|  0%| F|  |TAMS 0x0000000740200000, 0x0000000740200000| Untracked 
| 103|0x0000000740400000, 0x0000000740400000, 0x0000000740600000|  0%| F|  |TAMS 0x0000000740400000, 0x0000000740400000| Untracked 
| 104|0x0000000740600000, 0x0000000740600000, 0x0000000740800000|  0%| F|  |TAMS 0x0000000740600000, 0x0000000740600000| Untracked 
| 105|0x0000000740800000, 0x00000007409b12a8, 0x0000000740a00000| 84%| E|  |TAMS 0x0000000740800000, 0x0000000740800000| Complete 
| 106|0x0000000740a00000, 0x0000000740c00000, 0x0000000740c00000|100%| E|CS|TAMS 0x0000000740a00000, 0x0000000740a00000| Complete 
| 107|0x0000000740c00000, 0x0000000740e00000, 0x0000000740e00000|100%| E|CS|TAMS 0x0000000740c00000, 0x0000000740c00000| Complete 
| 108|0x0000000740e00000, 0x0000000741000000, 0x0000000741000000|100%| E|CS|TAMS 0x0000000740e00000, 0x0000000740e00000| Complete 
| 109|0x0000000741000000, 0x0000000741200000, 0x0000000741200000|100%| E|CS|TAMS 0x0000000741000000, 0x0000000741000000| Complete 
| 110|0x0000000741200000, 0x0000000741400000, 0x0000000741400000|100%| E|CS|TAMS 0x0000000741200000, 0x0000000741200000| Complete 
| 111|0x0000000741400000, 0x0000000741600000, 0x0000000741600000|100%| E|CS|TAMS 0x0000000741400000, 0x0000000741400000| Complete 
| 112|0x0000000741600000, 0x0000000741800000, 0x0000000741800000|100%| E|CS|TAMS 0x0000000741600000, 0x0000000741600000| Complete 
| 113|0x0000000741800000, 0x0000000741a00000, 0x0000000741a00000|100%| E|CS|TAMS 0x0000000741800000, 0x0000000741800000| Complete 
| 114|0x0000000741a00000, 0x0000000741c00000, 0x0000000741c00000|100%| E|CS|TAMS 0x0000000741a00000, 0x0000000741a00000| Complete 
| 115|0x0000000741c00000, 0x0000000741e00000, 0x0000000741e00000|100%| E|CS|TAMS 0x0000000741c00000, 0x0000000741c00000| Complete 
| 116|0x0000000741e00000, 0x0000000742000000, 0x0000000742000000|100%| E|CS|TAMS 0x0000000741e00000, 0x0000000741e00000| Complete 
| 117|0x0000000742000000, 0x0000000742200000, 0x0000000742200000|100%| E|CS|TAMS 0x0000000742000000, 0x0000000742000000| Complete 
| 118|0x0000000742200000, 0x0000000742400000, 0x0000000742400000|100%| E|CS|TAMS 0x0000000742200000, 0x0000000742200000| Complete 
| 119|0x0000000742400000, 0x0000000742600000, 0x0000000742600000|100%| E|CS|TAMS 0x0000000742400000, 0x0000000742400000| Complete 
| 120|0x0000000742600000, 0x0000000742800000, 0x0000000742800000|100%| E|CS|TAMS 0x0000000742600000, 0x0000000742600000| Complete 
| 121|0x0000000742800000, 0x0000000742a00000, 0x0000000742a00000|100%| E|CS|TAMS 0x0000000742800000, 0x0000000742800000| Complete 
| 122|0x0000000742a00000, 0x0000000742c00000, 0x0000000742c00000|100%| E|CS|TAMS 0x0000000742a00000, 0x0000000742a00000| Complete 
| 123|0x0000000742c00000, 0x0000000742e00000, 0x0000000742e00000|100%| E|CS|TAMS 0x0000000742c00000, 0x0000000742c00000| Complete 

Card table byte_map: [0x000001d920470000,0x000001d920ae0000] _byte_map_base: 0x000001d91cad5000

Marking Bits (Prev, Next): (CMBitMap*) 0x000001d908b2cab0, (CMBitMap*) 0x000001d908b2caf0
 Prev Bits: [0x000001d921150000, 0x000001d924478000)
 Next Bits: [0x000001d924480000, 0x000001d9277a8000)

Polling page: 0x000001d906a20000

Metaspace:

Usage:
  Non-class:     14.45 MB used.
      Class:      1.85 MB used.
       Both:     16.30 MB used.

Virtual space:
  Non-class space:       64.00 MB reserved,      14.62 MB ( 23%) committed,  1 nodes.
      Class space:        1.00 GB reserved,       2.00 MB ( <1%) committed,  1 nodes.
             Both:        1.06 GB reserved,      16.62 MB (  2%) committed. 

Chunk freelists:
   Non-Class:  788.00 KB
       Class:  13.95 MB
        Both:  14.72 MB

MaxMetaspaceSize: unlimited
CompressedClassSpaceSize: 1.00 GB
Initial GC threshold: 21.00 MB
Current GC threshold: 21.00 MB
CDS: on
MetaspaceReclaimPolicy: balanced
 - commit_granule_bytes: 65536.
 - commit_granule_words: 8192.
 - virtual_space_node_default_size: 8388608.
 - enlarge_chunks_in_place: 1.
 - new_chunks_are_fully_committed: 0.
 - uncommit_free_chunks: 1.
 - use_allocation_guard: 0.
 - handle_deallocations: 1.


Internal statistics:

num_allocs_failed_limit: 0.
num_arena_births: 298.
num_arena_deaths: 0.
num_vsnodes_births: 2.
num_vsnodes_deaths: 0.
num_space_committed: 266.
num_space_uncommitted: 0.
num_chunks_returned_to_freelist: 0.
num_chunks_taken_from_freelist: 735.
num_chunk_merges: 0.
num_chunk_splits: 449.
num_chunks_enlarged: 286.
num_inconsistent_stats: 0.

CodeHeap 'non-profiled nmethods': size=119168Kb used=1762Kb max_used=2793Kb free=117405Kb
 bounds [0x000001d918120000, 0x000001d9183e0000, 0x000001d91f580000]
CodeHeap 'profiled nmethods': size=119104Kb used=5641Kb max_used=7150Kb free=113463Kb
 bounds [0x000001d910580000, 0x000001d910c80000, 0x000001d9179d0000]
CodeHeap 'non-nmethods': size=7488Kb used=3307Kb max_used=3349Kb free=4180Kb
 bounds [0x000001d9179d0000, 0x000001d917d20000, 0x000001d918120000]
 total_blobs=4184 nmethods=3136 adapters=957
 compilation: enabled
              stopped_count=0, restarted_count=0
 full_count=0

Compilation events (20 events):
Event: 2.588 Thread 0x000001d92a8f34a0 nmethod 3888 0x000001d91061f510 code [0x000001d91061f6a0, 0x000001d91061f7d8]
Event: 2.588 Thread 0x000001d92a9bb610 3889       4       java.lang.ref.Reference::refersTo (6 bytes)
Event: 2.588 Thread 0x000001d92a9ba2d0 3891       3       sun.misc.Unsafe::putInt (11 bytes)
Event: 2.589 Thread 0x000001d92a9ba2d0 nmethod 3891 0x000001d910629a90 code [0x000001d910629c20, 0x000001d910629d38]
Event: 2.589 Thread 0x000001d92f59b280 3892       3       org.lwjgl.system.MemoryUtil::encodeASCIIUnsafe (53 bytes)
Event: 2.589 Thread 0x000001d92f59b280 nmethod 3892 0x000001d9109fd010 code [0x000001d9109fd1e0, 0x000001d9109fd5f8]
Event: 2.589 Thread 0x000001d92a9bb610 nmethod 3889 0x000001d918369590 code [0x000001d918369720, 0x000001d9183697d8]
Event: 2.612 Thread 0x000001d92a8419c0 3893       4       jdk.internal.org.objectweb.asm.SymbolTable::addConstantUtf8 (98 bytes)
Event: 2.613 Thread 0x000001d92a8f34a0 3894       3       java.lang.invoke.LambdaForm$Name::internArguments (62 bytes)
Event: 2.613 Thread 0x000001d92a849c90 3895       3       java.lang.invoke.LambdaFormBuffer::indexOf (33 bytes)
Event: 2.613 Thread 0x000001d92a9ba2d0 3896       1       java.lang.invoke.InvokerBytecodeGenerator::setClassWriter (6 bytes)
Event: 2.614 Thread 0x000001d92a8f34a0 nmethod 3894 0x000001d910706010 code [0x000001d910706200, 0x000001d910706908]
Event: 2.614 Thread 0x000001d92a9ba2d0 nmethod 3896 0x000001d918141a10 code [0x000001d918141ba0, 0x000001d918141cb8]
Event: 2.614 Thread 0x000001d92a849c90 nmethod 3895 0x000001d9106b8910 code [0x000001d9106b8ae0, 0x000001d9106b8e98]
Event: 2.614 Thread 0x000001d92f59b280 3897       1       java.lang.Class::getClassData (5 bytes)
Event: 2.614 Thread 0x000001d92f59b280 nmethod 3897 0x000001d918141490 code [0x000001d918141620, 0x000001d9181416f8]
Event: 2.614 Thread 0x000001d92a8f34a0 3898       3       java.util.concurrent.ConcurrentHashMap::sumCount (60 bytes)
Event: 2.615 Thread 0x000001d92a8f34a0 nmethod 3898 0x000001d9105ff290 code [0x000001d9105ff440, 0x000001d9105ff6b8]
Event: 2.638 Thread 0x000001d92a8419c0 nmethod 3893 0x000001d91817d710 code [0x000001d91817d900, 0x000001d91817f038]
Event: 2.702 Thread 0x000001d92f58b050 nmethod 3854 0x000001d9181e7410 code [0x000001d9181e7ac0, 0x000001d9181eeb88]

GC Heap History (12 events):
Event: 0.412 GC heap before
{Heap before GC invocations=0 (full 0):
 garbage-first heap   total 210944K, used 28672K [0x0000000733600000, 0x0000000800000000)
  region size 2048K, 11 young (22528K), 0 survivors (0K)
 Metaspace       used 2683K, committed 2944K, reserved 1114112K
  class space    used 254K, committed 384K, reserved 1048576K
}
Event: 0.416 GC heap after
{Heap after GC invocations=1 (full 0):
 garbage-first heap   total 210944K, used 11148K [0x0000000733600000, 0x0000000800000000)
  region size 2048K, 2 young (4096K), 2 survivors (4096K)
 Metaspace       used 2683K, committed 2944K, reserved 1114112K
  class space    used 254K, committed 384K, reserved 1048576K
}
Event: 0.694 GC heap before
{Heap before GC invocations=1 (full 0):
 garbage-first heap   total 210944K, used 33676K [0x0000000733600000, 0x0000000800000000)
  region size 2048K, 13 young (26624K), 2 survivors (4096K)
 Metaspace       used 4926K, committed 5120K, reserved 1114112K
  class space    used 476K, committed 576K, reserved 1048576K
}
Event: 0.697 GC heap after
{Heap after GC invocations=2 (full 0):
 garbage-first heap   total 210944K, used 13744K [0x0000000733600000, 0x0000000800000000)
  region size 2048K, 2 young (4096K), 2 survivors (4096K)
 Metaspace       used 4926K, committed 5120K, reserved 1114112K
  class space    used 476K, committed 576K, reserved 1048576K
}
Event: 0.895 GC heap before
{Heap before GC invocations=2 (full 0):
 garbage-first heap   total 210944K, used 71088K [0x0000000733600000, 0x0000000800000000)
  region size 2048K, 29 young (59392K), 2 survivors (4096K)
 Metaspace       used 4983K, committed 5184K, reserved 1114112K
  class space    used 476K, committed 576K, reserved 1048576K
}
Event: 0.898 GC heap after
{Heap after GC invocations=3 (full 0):
 garbage-first heap   total 210944K, used 20574K [0x0000000733600000, 0x0000000800000000)
  region size 2048K, 4 young (8192K), 4 survivors (8192K)
 Metaspace       used 4983K, committed 5184K, reserved 1114112K
  class space    used 476K, committed 576K, reserved 1048576K
}
Event: 1.356 GC heap before
{Heap before GC invocations=3 (full 0):
 garbage-first heap   total 210944K, used 137310K [0x0000000733600000, 0x0000000800000000)
  region size 2048K, 61 young (124928K), 4 survivors (8192K)
 Metaspace       used 5175K, committed 5440K, reserved 1114112K
  class space    used 485K, committed 640K, reserved 1048576K
}
Event: 1.361 GC heap after
{Heap after GC invocations=4 (full 0):
 garbage-first heap   total 210944K, used 26308K [0x0000000733600000, 0x0000000800000000)
  region size 2048K, 7 young (14336K), 7 survivors (14336K)
 Metaspace       used 5175K, committed 5440K, reserved 1114112K
  class space    used 485K, committed 640K, reserved 1048576K
}
Event: 1.491 GC heap before
{Heap before GC invocations=4 (full 0):
 garbage-first heap   total 210944K, used 138948K [0x0000000733600000, 0x0000000800000000)
  region size 2048K, 61 young (124928K), 7 survivors (14336K)
 Metaspace       used 5184K, committed 5440K, reserved 1114112K
  class space    used 485K, committed 640K, reserved 1048576K
}
Event: 1.496 GC heap after
{Heap after GC invocations=5 (full 0):
 garbage-first heap   total 210944K, used 31946K [0x0000000733600000, 0x0000000800000000)
  region size 2048K, 5 young (10240K), 5 survivors (10240K)
 Metaspace       used 5184K, committed 5440K, reserved 1114112K
  class space    used 485K, committed 640K, reserved 1048576K
}
Event: 2.091 GC heap before
{Heap before GC invocations=5 (full 0):
 garbage-first heap   total 210944K, used 146634K [0x0000000733600000, 0x0000000800000000)
  region size 2048K, 61 young (124928K), 5 survivors (10240K)
 Metaspace       used 9606K, committed 9920K, reserved 1114112K
  class space    used 1062K, committed 1216K, reserved 1048576K
}
Event: 2.098 GC heap after
{Heap after GC invocations=6 (full 0):
 garbage-first heap   total 253952K, used 37169K [0x0000000733600000, 0x0000000800000000)
  region size 2048K, 5 young (10240K), 5 survivors (10240K)
 Metaspace       used 9606K, committed 9920K, reserved 1114112K
  class space    used 1062K, committed 1216K, reserved 1048576K
}

Dll operation events (10 events):
Event: 0.010 Loaded shared library C:\Program Files\Pylo\MCreator\jdk\bin\java.dll
Event: 0.019 Loaded shared library C:\Program Files\Pylo\MCreator\jdk\bin\jsvml.dll
Event: 0.120 Loaded shared library C:\Program Files\Pylo\MCreator\jdk\bin\net.dll
Event: 0.123 Loaded shared library C:\Program Files\Pylo\MCreator\jdk\bin\nio.dll
Event: 0.125 Loaded shared library C:\Program Files\Pylo\MCreator\jdk\bin\zip.dll
Event: 0.182 Loaded shared library C:\Program Files\Pylo\MCreator\jdk\bin\jimage.dll
Event: 0.470 Loaded shared library C:\Program Files\Pylo\MCreator\jdk\bin\verify.dll
Event: 1.967 Loaded shared library C:\Program Files\Pylo\MCreator\jdk\bin\management.dll
Event: 1.970 Loaded shared library C:\Program Files\Pylo\MCreator\jdk\bin\management_ext.dll
Event: 2.561 Loaded shared library C:\Users\yochan\AppData\Local\Temp\lwjglyochan\3.3.1-build-7\lwjgl.dll

Deoptimization events (20 events):
Event: 2.507 Thread 0x000001d908acd2c0 Uncommon trap: trap_request=0xffffffde fr.pc=0x000001d918319b30 relative=0x0000000000000090
Event: 2.507 Thread 0x000001d908acd2c0 Uncommon trap: reason=class_check action=maybe_recompile pc=0x000001d918319b30 method=java.util.AbstractList$RandomAccessSpliterator.getFence()I @ 34 c2
Event: 2.507 Thread 0x000001d908acd2c0 DEOPT PACKING pc=0x000001d918319b30 sp=0x000000755b8fe9d0
Event: 2.507 Thread 0x000001d908acd2c0 DEOPT UNPACKING pc=0x000001d917a269a3 sp=0x000000755b8fe950 mode 2
Event: 2.511 Thread 0x000001d908acd2c0 Uncommon trap: trap_request=0xffffffde fr.pc=0x000001d91820cc6c relative=0x00000000000000cc
Event: 2.511 Thread 0x000001d908acd2c0 Uncommon trap: reason=class_check action=maybe_recompile pc=0x000001d91820cc6c method=java.util.stream.AbstractPipeline.exactOutputSizeIfKnown(Ljava/util/Spliterator;)J @ 16 c2
Event: 2.511 Thread 0x000001d908acd2c0 DEOPT PACKING pc=0x000001d91820cc6c sp=0x000000755b8ff080
Event: 2.511 Thread 0x000001d908acd2c0 DEOPT UNPACKING pc=0x000001d917a269a3 sp=0x000000755b8ff000 mode 2
Event: 2.522 Thread 0x000001d908acd2c0 Uncommon trap: trap_request=0xffffffde fr.pc=0x000001d9183c8ce8 relative=0x00000000000001c8
Event: 2.522 Thread 0x000001d908acd2c0 Uncommon trap: reason=class_check action=maybe_recompile pc=0x000001d9183c8ce8 method=java.nio.ByteBuffer.putBuffer(ILjava/nio/ByteBuffer;II)V @ 33 c2
Event: 2.522 Thread 0x000001d908acd2c0 DEOPT PACKING pc=0x000001d9183c8ce8 sp=0x000000755b8fe6b0
Event: 2.522 Thread 0x000001d908acd2c0 DEOPT UNPACKING pc=0x000001d917a269a3 sp=0x000000755b8fe640 mode 2
Event: 2.525 Thread 0x000001d908acd2c0 Uncommon trap: trap_request=0xffffffde fr.pc=0x000001d9183c8ce8 relative=0x00000000000001c8
Event: 2.525 Thread 0x000001d908acd2c0 Uncommon trap: reason=class_check action=maybe_recompile pc=0x000001d9183c8ce8 method=java.nio.ByteBuffer.putBuffer(ILjava/nio/ByteBuffer;II)V @ 33 c2
Event: 2.525 Thread 0x000001d908acd2c0 DEOPT PACKING pc=0x000001d9183c8ce8 sp=0x000000755b8fe5f0
Event: 2.525 Thread 0x000001d908acd2c0 DEOPT UNPACKING pc=0x000001d917a269a3 sp=0x000000755b8fe580 mode 2
Event: 2.612 Thread 0x000001d92a232810 Uncommon trap: trap_request=0xffffff45 fr.pc=0x000001d9181ce924 relative=0x0000000000000104
Event: 2.612 Thread 0x000001d92a232810 Uncommon trap: reason=unstable_if action=reinterpret pc=0x000001d9181ce924 method=java.util.concurrent.TimeUnit.convert(JLjava/util/concurrent/TimeUnit;)J @ 8 c2
Event: 2.612 Thread 0x000001d92a232810 DEOPT PACKING pc=0x000001d9181ce924 sp=0x000000755deff450
Event: 2.612 Thread 0x000001d92a232810 DEOPT UNPACKING pc=0x000001d917a269a3 sp=0x000000755deff400 mode 2

Classes unloaded (0 events):
No events

Classes redefined (0 events):
No events

Internal exceptions (20 events):
Event: 2.484 Thread 0x000001d908acd2c0 Exception <a 'sun/nio/fs/WindowsException'{0x000000074133c660}> (0x000000074133c660) 
thrown [s\src\hotspot\share\prims\jni.cpp, line 516]
Event: 2.484 Thread 0x000001d908acd2c0 Exception <a 'sun/nio/fs/WindowsException'{0x000000074133ca68}> (0x000000074133ca68) 
thrown [s\src\hotspot\share\prims\jni.cpp, line 516]
Event: 2.493 Thread 0x000001d908acd2c0 Implicit null exception at 0x000001d91830cd55 to 0x000001d91830d320
Event: 2.493 Thread 0x000001d908acd2c0 Implicit null exception at 0x000001d9182e47d2 to 0x000001d9182e4da4
Event: 2.501 Thread 0x000001d908acd2c0 Exception <a 'sun/nio/fs/WindowsException'{0x0000000741066e28}> (0x0000000741066e28) 
thrown [s\src\hotspot\share\prims\jni.cpp, line 516]
Event: 2.502 Thread 0x000001d908acd2c0 Exception <a 'sun/nio/fs/WindowsException'{0x0000000741067a98}> (0x0000000741067a98) 
thrown [s\src\hotspot\share\prims\jni.cpp, line 516]
Event: 2.512 Thread 0x000001d908acd2c0 Exception <a 'java/lang/NoSuchMethodError'{0x00000007410a9d30}: 'java.lang.Object java.lang.invoke.DirectMethodHandle$Holder.invokeVirtual(java.lang.Object, java.lang.Object, java.lang.Object)'> (0x00000007410a9d30) 
thrown [s\src\hotspot\share\interpreter\linkResolver.cpp, line 759]
Event: 2.529 Thread 0x000001d908acd2c0 Exception <a 'java/lang/NoSuchMethodError'{0x00000007411ef7f0}: 'java.lang.Object java.lang.invoke.DirectMethodHandle$Holder.invokeStatic(java.lang.Object, int, java.lang.Object, java.lang.Object, java.lang.Object, java.lang.Object)'> (0x00000007411ef7f0) 
thrown [s\src\hotspot\share\interpreter\linkResolver.cpp, line 759]
Event: 2.530 Thread 0x000001d908acd2c0 Exception <a 'java/lang/NoSuchMethodError'{0x00000007411f8018}: 'java.lang.Object java.lang.invoke.DirectMethodHandle$Holder.newInvokeSpecial(java.lang.Object, int, java.lang.Object, java.lang.Object)'> (0x00000007411f8018) 
thrown [s\src\hotspot\share\interpreter\linkResolver.cpp, line 759]
Event: 2.530 Thread 0x000001d908acd2c0 Exception <a 'java/lang/NoSuchMethodError'{0x00000007411fc120}: 'java.lang.Object java.lang.invoke.DirectMethodHandle$Holder.invokeSpecial(java.lang.Object, java.lang.Object, int, java.lang.Object, java.lang.Object)'> (0x00000007411fc120) 
thrown [s\src\hotspot\share\interpreter\linkResolver.cpp, line 759]
Event: 2.558 Thread 0x000001d908acd2c0 Exception <a 'sun/nio/fs/WindowsException'{0x0000000740ce5cf8}> (0x0000000740ce5cf8) 
thrown [s\src\hotspot\share\prims\jni.cpp, line 516]
Event: 2.558 Thread 0x000001d908acd2c0 Exception <a 'sun/nio/fs/WindowsException'{0x0000000740ce6058}> (0x0000000740ce6058) 
thrown [s\src\hotspot\share\prims\jni.cpp, line 516]
Event: 2.569 Thread 0x000001d908acd2c0 Exception <a 'sun/nio/fs/WindowsException'{0x0000000740ab9fa8}> (0x0000000740ab9fa8) 
thrown [s\src\hotspot\share\prims\jni.cpp, line 516]
Event: 2.569 Thread 0x000001d908acd2c0 Exception <a 'sun/nio/fs/WindowsException'{0x0000000740aba320}> (0x0000000740aba320) 
thrown [s\src\hotspot\share\prims\jni.cpp, line 516]
Event: 2.577 Thread 0x000001d908acd2c0 Exception <a 'java/lang/NoSuchMethodError'{0x0000000740b9c568}: 'int java.lang.invoke.DirectMethodHandle$Holder.invokeStaticInit(java.lang.Object, java.lang.Object, int, long)'> (0x0000000740b9c568) 
thrown [s\src\hotspot\share\interpreter\linkResolver.cpp, line 759]
Event: 2.578 Thread 0x000001d908acd2c0 Exception <a 'java/lang/NoSuchMethodError'{0x0000000740ba20f8}: 'java.lang.Object java.lang.invoke.DirectMethodHandle$Holder.newInvokeSpecial(java.lang.Object, java.lang.Object, int)'> (0x0000000740ba20f8) 
thrown [s\src\hotspot\share\interpreter\linkResolver.cpp, line 759]
Event: 2.579 Thread 0x000001d908acd2c0 Exception <a 'java/lang/NoSuchMethodError'{0x0000000740bb5f78}: 'int java.lang.invoke.DirectMethodHandle$Holder.invokeStaticInit(java.lang.Object, java.lang.Object, long, long)'> (0x0000000740bb5f78) 
thrown [s\src\hotspot\share\interpreter\linkResolver.cpp, line 759]
Event: 2.579 Thread 0x000001d908acd2c0 Exception <a 'java/lang/NoSuchMethodError'{0x0000000740bbbed0}: 'java.lang.Object java.lang.invoke.DirectMethodHandle$Holder.newInvokeSpecial(java.lang.Object, java.lang.Object, long)'> (0x0000000740bbbed0) 
thrown [s\src\hotspot\share\interpreter\linkResolver.cpp, line 759]
Event: 2.580 Thread 0x000001d908acd2c0 Exception <a 'java/lang/NoSuchMethodError'{0x0000000740bbfa40}: 'java.lang.Object java.lang.invoke.Invokers$Holder.linkToTargetMethod(java.lang.Object, long, java.lang.Object)'> (0x0000000740bbfa40) 
thrown [s\src\hotspot\share\interpreter\linkResolver.cpp, line 759]
Event: 2.580 Thread 0x000001d908acd2c0 Exception <a 'java/lang/NoSuchMethodError'{0x0000000740bc71b8}: 'int java.lang.invoke.DirectMethodHandle$Holder.invokeStaticInit(java.lang.Object, java.lang.Object, java.lang.Object, long)'> (0x0000000740bc71b8) 
thrown [s\src\hotspot\share\interpreter\linkResolver.cpp, line 759]

VM Operations (20 events):
Event: 2.244 Executing VM operation: HandshakeAllThreads
Event: 2.244 Executing VM operation: HandshakeAllThreads done
Event: 2.245 Executing VM operation: HandshakeAllThreads
Event: 2.245 Executing VM operation: HandshakeAllThreads done
Event: 2.311 Executing VM operation: HandshakeAllThreads
Event: 2.311 Executing VM operation: HandshakeAllThreads done
Event: 2.385 Executing VM operation: HandshakeAllThreads
Event: 2.385 Executing VM operation: HandshakeAllThreads done
Event: 2.437 Executing VM operation: HandshakeAllThreads
Event: 2.437 Executing VM operation: HandshakeAllThreads done
Event: 2.438 Executing VM operation: HandshakeAllThreads
Event: 2.438 Executing VM operation: HandshakeAllThreads done
Event: 2.442 Executing VM operation: ICBufferFull
Event: 2.442 Executing VM operation: ICBufferFull done
Event: 2.451 Executing VM operation: HandshakeAllThreads
Event: 2.451 Executing VM operation: HandshakeAllThreads done
Event: 2.456 Executing VM operation: HandshakeAllThreads
Event: 2.456 Executing VM operation: HandshakeAllThreads done
Event: 2.613 Executing VM operation: HandshakeAllThreads
Event: 2.613 Executing VM operation: HandshakeAllThreads done

Events (20 events):
Event: 2.577 loading class java/util/function/LongPredicate done
Event: 2.581 loading class java/nio/InvalidMarkException
Event: 2.582 loading class java/nio/InvalidMarkException done
Event: 2.582 loading class java/nio/BufferUnderflowException
Event: 2.582 loading class java/nio/BufferUnderflowException done
Event: 2.611 loading class java/util/concurrent/ScheduledThreadPoolExecutor$ScheduledFutureTask
Event: 2.611 loading class java/util/concurrent/FutureTask
Event: 2.611 loading class java/util/concurrent/FutureTask done
Event: 2.611 loading class java/util/concurrent/ScheduledThreadPoolExecutor$ScheduledFutureTask done
Event: 2.611 loading class java/util/concurrent/FutureTask$WaitNode
Event: 2.611 loading class java/util/concurrent/FutureTask$WaitNode done
Event: 2.611 loading class java/util/concurrent/Executors$RunnableAdapter
Event: 2.611 loading class java/util/concurrent/Executors$RunnableAdapter done
Event: 2.611 loading class java/util/concurrent/ThreadPoolExecutor$Worker
Event: 2.612 loading class java/util/concurrent/ThreadPoolExecutor$Worker done
Event: 2.612 Thread 0x000001d92a232810 Thread added: 0x000001d92a232810
Event: 2.612 loading class java/util/concurrent/locks/AbstractQueuedSynchronizer$ConditionNode
Event: 2.612 loading class java/util/concurrent/ForkJoinPool$ManagedBlocker
Event: 2.613 loading class java/util/concurrent/ForkJoinPool$ManagedBlocker done
Event: 2.613 loading class java/util/concurrent/locks/AbstractQueuedSynchronizer$ConditionNode done


Dynamic libraries:
0x00007ff693ba0000 - 0x00007ff693bae000 	C:\Program Files\Pylo\MCreator\jdk\bin\java.exe
0x00007ffd004d0000 - 0x00007ffd006e4000 	C:\WINDOWS\SYSTEM32\ntdll.dll
0x00007ffcff690000 - 0x00007ffcff754000 	C:\WINDOWS\System32\KERNEL32.DLL
0x00007ffcfdc60000 - 0x00007ffcfe004000 	C:\WINDOWS\System32\KERNELBASE.dll
0x00007ffcfa940000 - 0x00007ffcfa9d7000 	C:\WINDOWS\SYSTEM32\apphelp.dll
0x00007ffcfd8b0000 - 0x00007ffcfd9c1000 	C:\WINDOWS\System32\ucrtbase.dll
0x00007ffce2b30000 - 0x00007ffce2b49000 	C:\Program Files\Pylo\MCreator\jdk\bin\VCRUNTIME140.dll
0x00007ffce2b50000 - 0x00007ffce2b67000 	C:\Program Files\Pylo\MCreator\jdk\bin\jli.dll
0x00007ffcfe3b0000 - 0x00007ffcfe55a000 	C:\WINDOWS\System32\USER32.dll
0x00007ffcfdbb0000 - 0x00007ffcfdbd6000 	C:\WINDOWS\System32\win32u.dll
0x00007ffd00220000 - 0x00007ffd00249000 	C:\WINDOWS\System32\GDI32.dll
0x00007ffcfe170000 - 0x00007ffcfe289000 	C:\WINDOWS\System32\gdi32full.dll
0x00007ffcfe0d0000 - 0x00007ffcfe16a000 	C:\WINDOWS\System32\msvcp_win.dll
0x00007ffce72e0000 - 0x00007ffce756f000 	C:\WINDOWS\WinSxS\amd64_microsoft.windows.common-controls_6595b64144ccf1df_6.0.22621.2070_none_2713e6537381f706\COMCTL32.dll
0x00007ffd00170000 - 0x00007ffd00217000 	C:\WINDOWS\System32\msvcrt.dll
0x00007ffcfea80000 - 0x00007ffcfeab1000 	C:\WINDOWS\System32\IMM32.DLL
0x00007ffce31b0000 - 0x00007ffce31bc000 	C:\Program Files\Pylo\MCreator\jdk\bin\vcruntime140_1.dll
0x00007ffc8d150000 - 0x00007ffc8d1e1000 	C:\Program Files\Pylo\MCreator\jdk\bin\msvcp140.dll
0x00007ffc8bdf0000 - 0x00007ffc8ca38000 	C:\Program Files\Pylo\MCreator\jdk\bin\server\jvm.dll
0x00007ffcff760000 - 0x00007ffcff810000 	C:\WINDOWS\System32\ADVAPI32.dll
0x00007ffcfe300000 - 0x00007ffcfe3a6000 	C:\WINDOWS\System32\sechost.dll
0x00007ffcffe00000 - 0x00007ffcfff17000 	C:\WINDOWS\System32\RPCRT4.dll
0x00007ffcf2780000 - 0x00007ffcf27b4000 	C:\WINDOWS\SYSTEM32\WINMM.dll
0x00007ffcf27c0000 - 0x00007ffcf27ca000 	C:\WINDOWS\SYSTEM32\VERSION.dll
0x00007ffce2b20000 - 0x00007ffce2b29000 	C:\WINDOWS\SYSTEM32\WSOCK32.dll
0x00007ffd00250000 - 0x00007ffd002c1000 	C:\WINDOWS\System32\WS2_32.dll
0x00007ffcfc8a0000 - 0x00007ffcfc8b8000 	C:\WINDOWS\SYSTEM32\kernel.appcore.dll
0x00007ffce2b10000 - 0x00007ffce2b1a000 	C:\Program Files\Pylo\MCreator\jdk\bin\jimage.dll
0x00007ffcfb300000 - 0x00007ffcfb52e000 	C:\WINDOWS\SYSTEM32\DBGHELP.DLL
0x00007ffcfeac0000 - 0x00007ffcfee4a000 	C:\WINDOWS\System32\combase.dll
0x00007ffcffc90000 - 0x00007ffcffd67000 	C:\WINDOWS\System32\OLEAUT32.dll
0x00007ffce9ed0000 - 0x00007ffce9f02000 	C:\WINDOWS\SYSTEM32\dbgcore.DLL
0x00007ffcfdbe0000 - 0x00007ffcfdc5a000 	C:\WINDOWS\System32\bcryptPrimitives.dll
0x00007ffce2ae0000 - 0x00007ffce2b05000 	C:\Program Files\Pylo\MCreator\jdk\bin\java.dll
0x00007ffc8d070000 - 0x00007ffc8d146000 	C:\Program Files\Pylo\MCreator\jdk\bin\jsvml.dll
0x00007ffcfee50000 - 0x00007ffcff666000 	C:\WINDOWS\System32\SHELL32.dll
0x00007ffcfb880000 - 0x00007ffcfc16a000 	C:\WINDOWS\SYSTEM32\windows.storage.dll
0x00007ffcfb740000 - 0x00007ffcfb87e000 	C:\WINDOWS\SYSTEM32\wintypes.dll
0x00007ffcfff20000 - 0x00007ffd00013000 	C:\WINDOWS\System32\SHCORE.dll
0x00007ffcfe8a0000 - 0x00007ffcfe8fe000 	C:\WINDOWS\System32\shlwapi.dll
0x00007ffcfd7e0000 - 0x00007ffcfd806000 	C:\WINDOWS\SYSTEM32\profapi.dll
0x00007ffce2ac0000 - 0x00007ffce2ad9000 	C:\Program Files\Pylo\MCreator\jdk\bin\net.dll
0x00007ffcf5ff0000 - 0x00007ffcf6127000 	C:\WINDOWS\SYSTEM32\WINHTTP.dll
0x00007ffcfcd70000 - 0x00007ffcfcdd9000 	C:\WINDOWS\system32\mswsock.dll
0x00007ffce2aa0000 - 0x00007ffce2ab5000 	C:\Program Files\Pylo\MCreator\jdk\bin\nio.dll
0x00007ffcbb1d0000 - 0x00007ffcbb1e8000 	C:\Program Files\Pylo\MCreator\jdk\bin\zip.dll
0x00007ffcac370000 - 0x00007ffcac380000 	C:\Program Files\Pylo\MCreator\jdk\bin\verify.dll
0x00007ffce2050000 - 0x00007ffce2059000 	C:\Program Files\Pylo\MCreator\jdk\bin\management.dll
0x00007ffcbb190000 - 0x00007ffcbb19b000 	C:\Program Files\Pylo\MCreator\jdk\bin\management_ext.dll
0x00007ffcfe820000 - 0x00007ffcfe828000 	C:\WINDOWS\System32\PSAPI.DLL
0x00007ffcbd500000 - 0x00007ffcbd517000 	C:\WINDOWS\system32\napinsp.dll
0x00007ffcbd4e0000 - 0x00007ffcbd4fb000 	C:\WINDOWS\system32\pnrpnsp.dll
0x00007ffcfc440000 - 0x00007ffcfc533000 	C:\WINDOWS\SYSTEM32\DNSAPI.dll
0x00007ffcfc410000 - 0x00007ffcfc43d000 	C:\WINDOWS\SYSTEM32\IPHLPAPI.DLL
0x00007ffcfe560000 - 0x00007ffcfe569000 	C:\WINDOWS\System32\NSI.dll
0x00007ffcbd4c0000 - 0x00007ffcbd4d1000 	C:\WINDOWS\System32\winrnr.dll
0x00007ffcf68f0000 - 0x00007ffcf6905000 	C:\WINDOWS\system32\wshbth.dll
0x00007ffcbd490000 - 0x00007ffcbd4b1000 	C:\WINDOWS\system32\nlansp_c.dll
0x00007ffcef620000 - 0x00007ffcef62a000 	C:\Windows\System32\rasadhlp.dll
0x00007ffcf4130000 - 0x00007ffcf41b4000 	C:\WINDOWS\System32\fwpuclnt.dll
0x00007ffc69180000 - 0x00007ffc691f5000 	C:\Users\yochan\AppData\Local\Temp\lwjglyochan\3.3.1-build-7\lwjgl.dll
0x00007ffc69110000 - 0x00007ffc69171000 	C:\Users\yochan\AppData\Local\Temp\lwjglyochan\3.3.1-build-7\glfw.dll
0x00007ffc690c0000 - 0x00007ffc69106000 	C:\WINDOWS\SYSTEM32\dinput8.dll
0x00007ffcbe110000 - 0x00007ffcbe121000 	C:\WINDOWS\SYSTEM32\xinput1_4.dll
0x00007ffcfd480000 - 0x00007ffcfd4ac000 	C:\WINDOWS\SYSTEM32\DEVOBJ.dll
0x00007ffcfd4b0000 - 0x00007ffcfd4fe000 	C:\WINDOWS\SYSTEM32\cfgmgr32.dll
0x00007ffcfae50000 - 0x00007ffcfae7b000 	C:\WINDOWS\SYSTEM32\dwmapi.dll
0x00007ffcf2990000 - 0x00007ffcf2b91000 	C:\WINDOWS\SYSTEM32\inputhost.dll
0x00007ffcfa550000 - 0x00007ffcfa683000 	C:\WINDOWS\SYSTEM32\CoreMessaging.dll
0x00007ffcfab00000 - 0x00007ffcfabab000 	C:\WINDOWS\system32\uxtheme.dll
0x00007ffcfcfe0000 - 0x00007ffcfcfec000 	C:\WINDOWS\SYSTEM32\CRYPTBASE.DLL
0x00007ffd00020000 - 0x00007ffd00147000 	C:\WINDOWS\System32\MSCTF.dll
0x00007ffc8b950000 - 0x00007ffc8ba50000 	C:\WINDOWS\SYSTEM32\opengl32.dll
0x00007ffc8b920000 - 0x00007ffc8b94d000 	C:\WINDOWS\SYSTEM32\GLU32.dll
0x00007ffcfac10000 - 0x00007ffcfac48000 	C:\WINDOWS\SYSTEM32\dxcore.dll
0x00007ffcf6d50000 - 0x00007ffcf6d9a000 	C:\WINDOWS\SYSTEM32\directxdatabasehelper.dll
0x00007ffcfe5c0000 - 0x00007ffcfe670000 	C:\WINDOWS\System32\clbcatq.dll
0x00007ffcf6fd0000 - 0x00007ffcf7105000 	C:\Windows\System32\AppXDeploymentClient.dll
0x00007ffcee550000 - 0x00007ffcee646000 	C:\Windows\System32\Windows.ApplicationModel.dll
0x00007ffcfe680000 - 0x00007ffcfe81c000 	C:\WINDOWS\System32\ole32.dll
0x00007ffcf8630000 - 0x00007ffcf8731000 	C:\WINDOWS\system32\propsys.dll
0x00007ffcd84d0000 - 0x00007ffcd8575000 	C:\Windows\System32\Windows.FileExplorer.Common.dll
0x00007ffcbbed0000 - 0x00007ffcbbef6000 	C:\WINDOWS\system32\mssprxy.dll
0x00007ffcee940000 - 0x00007ffceea2b000 	C:\Windows\System32\Windows.StateRepositoryPS.dll
0x00007ffcf3fe0000 - 0x00007ffcf401d000 	C:\WINDOWS\SYSTEM32\windows.staterepositoryclient.dll
0x00007ffc69090000 - 0x00007ffc690bd000 	C:\WINDOWS\System32\DriverStore\FileRepository\u0390451.inf_amd64_39377efdd62734d1\B390182\atig6pxx.dll
0x00007ffc65450000 - 0x00007ffc69085000 	C:\WINDOWS\System32\DriverStore\FileRepository\u0390451.inf_amd64_39377efdd62734d1\B390182\atio6axx.dll
0x00007ffcff810000 - 0x00007ffcffc84000 	C:\WINDOWS\System32\SETUPAPI.dll
0x00007ffcfd9d0000 - 0x00007ffcfda3b000 	C:\WINDOWS\System32\WINTRUST.dll
0x00007ffcfda40000 - 0x00007ffcfdba7000 	C:\WINDOWS\System32\CRYPT32.dll
0x00007ffcfd020000 - 0x00007ffcfd032000 	C:\WINDOWS\SYSTEM32\MSASN1.dll

dbghelp: loaded successfully - version: 4.0.5 - missing functions: none
symbol engine: initialized successfully - sym options: 0x614 - pdb path: .;C:\Program Files\Pylo\MCreator\jdk\bin;C:\WINDOWS\SYSTEM32;C:\WINDOWS\WinSxS\amd64_microsoft.windows.common-controls_6595b64144ccf1df_6.0.22621.2070_none_2713e6537381f706;C:\Program Files\Pylo\MCreator\jdk\bin\server;C:\Users\yochan\AppData\Local\Temp\lwjglyochan\3.3.1-build-7;C:\WINDOWS\System32\DriverStore\FileRepository\u0390451.inf_amd64_39377efdd62734d1\B390182

VM Arguments:
jvm_args: -Dforge.enableGameTest=true -Dforge.logging.console.level=debug -Dforge.logging.markers=REGISTRIES -DignoreList=bootstraplauncher,securejarhandler,asm-commons,asm-util,asm-analysis,asm-tree,asm,JarJarFileSystems,client-extra,fmlcore,javafmllanguage,lowcodelanguage,mclanguage,forge- -Djava.net.preferIPv6Addresses=system -DlegacyClassPath.file=C:\Users\yochan\MCreatorWorkspaces\chakra\build\classpath\runClient_minecraftClasspath.txt -DmergeModules=jna-5.10.0.jar,jna-platform-5.10.0.jar --module-path=C:\Users\yochan\.mcreator\gradle\caches\modules-2\files-2.1\cpw.mods\bootstraplauncher\1.1.2\c546e00443d8432cda6baa1c860346980742628\bootstraplauncher-1.1.2.jar;C:\Users\yochan\.mcreator\gradle\caches\modules-2\files-2.1\cpw.mods\securejarhandler\2.1.10\51e6a22c6c716beb11e244bf5b8be480f51dd6b5\securejarhandler-2.1.10.jar;C:\Users\yochan\.mcreator\gradle\caches\modules-2\files-2.1\org.ow2.asm\asm-commons\9.5\19ab5b5800a3910d30d3a3e64fdb00fd0cb42de0\asm-commons-9.5.jar;C:\Users\yochan\.mcreator\gradle\caches\modules-2\files-2.1\org.ow2.asm\asm-util\9.5\64b5a1fc8c1b15ed2efd6a063e976bc8d3dc5ffe\asm-util-9.5.jar;C:\Users\yochan\.mcreator\gradle\caches\modules-2\files-2.1\org.ow2.asm\asm-analysis\9.5\490bacc77de7cbc0be1a30bb3471072d705be4a4\asm-analysis-9.5.jar;C:\Users\yochan\.mcreator\gradle\caches\modules-2\files-2.1\org.ow2.asm\asm-tree\9.5\fd33c8b6373abaa675be407082fdfda35021254a\asm-tree-9.5.jar;C:\Users\yochan\.mcreator\gradle\caches\modules-2\files-2.1\org.ow2.asm\asm\9.5\dc6ea1875f4d64fbc85e1691c95b96a3d8569c90\asm-9.5.jar;C:\Users\yochan\.mcreator\gradle\caches\modules-2\files-2.1\net.minecraftforge\JarJarFileSystems\0.3.19\2464eb7d6b9ddb9db36a82cf8a95193e5c6fe020\JarJarFileSystems-0.3.19.jar --add-modules=ALL-MODULE-PATH --add-opens=java.base/java.util.jar=cpw.mods.securejarhandler --add-opens=java.base/java.lang.invoke=cpw.mods.securejarhandler --add-exports=java.base/sun.security.util=cpw.mods.securejarhandler --add-exports=jdk.naming.dns/com.sun.jndi.dns=java.naming -XX:HeapDumpPath=MojangTricksIntelDriversForPerformance_javaw.exe_minecraft.exe.heapdump -Dfile.encoding=UTF-8 -Duser.country=US -Duser.language=en -Duser.variant 
java_command: cpw.mods.bootstraplauncher.BootstrapLauncher --launchTarget forgeclientuserdev --version MOD_DEV --assetIndex 5 --assetsDir C:\Users\yochan\.mcreator\gradle\caches\forge_gradle\assets --gameDir . --fml.forgeVersion 47.1.0 --fml.mcVersion 1.20.1 --fml.forgeGroup net.minecraftforge --fml.mcpVersion 20230612.114412
java_class_path (initial): C:\Users\yochan\MCreatorWorkspaces\chakra\build\classes\java\main;C:\Users\yochan\MCreatorWorkspaces\chakra\build\resources\main;C:\Users\yochan\.mcreator\gradle\caches\forge_gradle\minecraft_user_repo\net\minecraftforge\forge\1.20.1-47.1.0_mapped_official_1.20.1\forge-1.20.1-47.1.0_mapped_official_1.20.1-recomp.jar;C:\Users\yochan\.mcreator\gradle\caches\forge_gradle\minecraft_repo\versions\1.20.1\client-extra.jar;C:\Users\yochan\.mcreator\gradle\caches\modules-2\files-2.1\net.minecraftforge\fmlearlydisplay\1.20.1-47.1.0\faf61a8a8cc80e82a5691fac00149f06eeaf0438\fmlearlydisplay-1.20.1-47.1.0.jar;C:\Users\yochan\.mcreator\gradle\caches\modules-2\files-2.1\net.minecraftforge\javafmllanguage\1.20.1-47.1.0\a2cd58d15791eaac9983e30be0995e66bd48633e\javafmllanguage-1.20.1-47.1.0.jar;C:\Users\yochan\.mcreator\gradle\caches\modules-2\files-2.1\net.minecraftforge\lowcodelanguage\1.20.1-47.1.0\f1f11b7217b8320f1b3eb81c746b7b8a70a9ba06\lowcodelanguage-1.20.1-47.1.0.jar;C:\Users\yochan\.mcreator\gradle\caches\modules-2\files-2.1\net.minecraftforge\mclanguage\1.20.1-47.1.0\ff1b8eeb1bd00dfb130263b8952b931f5369252e\mclanguage-1.20.1-47.1.0.jar;C:\Users\yochan\.mcreator\gradle\caches\modules-2\files-2.1\net.minecraftforge\fmlcore\1.20.1-47.1.0\69ca36ae5b8d45c377a5485dc38a7343e5ebf33c\fmlcore-1.20.1-47.1.0.jar;C:\Users\yochan\.mcreator\gradle\caches\modules-2\files-2.1\net.minecraftforge\fmlloader\1.20.1-47.1.0\f7b5e4ef130d184e0ea48e6d8bf0a2d90757e8c6\fmlloader-1.20.1-47.1.0.jar;C:\Users\yochan\.mcreator\gradle\caches\modules-2\files-2.1\net.minecraftforge\JarJarSelector\0.3.19\376cc9c8ea60720cf027c01fc033de915699801c\JarJarSelector-0.3.19.jar;C:\Users\yochan\.mcreator\gradle\caches\modules-2\files-2.1\net.minecraftforge\JarJarMetadata\0.3.19\83feaa9b770e6ac0e96ee4fc23fa89325c5fe2\JarJarMetadata-0.3.19.jar;C:\Users\yochan\.mcreator\gradle\caches\modules-2\files-2.1\com.google.guava\guava\31.1-jre\60458f877d055d0c9114d9e1a2efb737b4bc282c\guava-31.1-jre.jar;
Launcher Type: SUN_STANDARD

[Global flags]
     intx CICompilerCount                          = 12                                        {product} {ergonomic}
     uint ConcGCThreads                            = 3                                         {product} {ergonomic}
     uint G1ConcRefinementThreads                  = 13                                        {product} {ergonomic}
   size_t G1HeapRegionSize                         = 2097152                                   {product} {ergonomic}
    uintx GCDrainStackTargetSize                   = 64                                        {product} {ergonomic}
    ccstr HeapDumpPath                             = MojangTricksIntelDriversForPerformance_javaw.exe_minecraft.exe.heapdump         {manageable} {command line}
   size_t InitialHeapSize                          = 216006656                                 {product} {ergonomic}
   size_t MarkStackSize                            = 4194304                                   {product} {ergonomic}
   size_t MaxHeapSize                              = 3433037824                                {product} {ergonomic}
   size_t MaxNewSize                               = 2059403264                                {product} {ergonomic}
   size_t MinHeapDeltaBytes                        = 2097152                                   {product} {ergonomic}
   size_t MinHeapSize                              = 8388608                                   {product} {ergonomic}
    uintx NonNMethodCodeHeapSize                   = 7602480                                {pd product} {ergonomic}
    uintx NonProfiledCodeHeapSize                  = 122027880                              {pd product} {ergonomic}
    uintx ProfiledCodeHeapSize                     = 122027880                              {pd product} {ergonomic}
    uintx ReservedCodeCacheSize                    = 251658240                              {pd product} {ergonomic}
     bool SegmentedCodeCache                       = true                                      {product} {ergonomic}
   size_t SoftMaxHeapSize                          = 3433037824                             {manageable} {ergonomic}
     bool UseCompressedClassPointers               = true                           {product lp64_product} {ergonomic}
     bool UseCompressedOops                        = true                           {product lp64_product} {ergonomic}
     bool UseG1GC                                  = true                                      {product} {ergonomic}
     bool UseLargePagesIndividualAllocation        = false                                  {pd product} {ergonomic}

Logging:
Log output configuration:
 #0: stdout all=warning uptime,level,tags
 #1: stderr all=off uptime,level,tags

Environment Variables:
JAVA_HOME=C:\Program Files\Pylo\MCreator\jdk
PATH=C:\Program Files\Common Files\Oracle\Java\javapath;C:\Program Files (x86)\Common Files\Oracle\Java\javapath;C:\Program Files\Oculus\Support\oculus-runtime;C:\WINDOWS\system32;C:\WINDOWS;C:\WINDOWS\System32\Wbem;C:\WINDOWS\System32\WindowsPowerShell\v1.0\;C:\WINDOWS\System32\OpenSSH\;C:\Program Files (x86)\NVIDIA Corporation\PhysX\Common;C:\Program Files\Git\cmd;C:\Users\yochan\AppData\Local\Programs\Python\Python310\Scripts\;C:\Users\yochan\AppData\Local\Programs\Python\Python310\;C:\Users\yochan\AppData\Local\Microsoft\WindowsApps;C:\Users\yochan\AppData\Local\Programs\Microsoft VS Code\bin;C:\Program Files\Pylo\MCreator\jdk\bin
USERNAME=yochan
OS=Windows_NT
PROCESSOR_IDENTIFIER=AMD64 Family 25 Model 68 Stepping 1, AuthenticAMD
TMP=C:\Users\yochan\AppData\Local\Temp
TEMP=C:\Users\yochan\AppData\Local\Temp



---------------  S Y S T E M  ---------------

OS:
 Windows 11 , 64 bit Build 22621 (10.0.22621.2070)
OS uptime: 0 days 0:14 hours

CPU: total 16 (initial active 16) (16 cores per cpu, 2 threads per core) family 25 model 68 stepping 1 microcode 0x0, cx8, cmov, fxsr, ht, mmx, 3dnowpref, sse, sse2, sse3, ssse3, sse4a, sse4.1, sse4.2, popcnt, lzcnt, tsc, tscinvbit, avx, avx2, aes, erms, clmul, bmi1, bmi2, adx, sha, fma, vzeroupper, clflush, clflushopt

Memory: 4k page, system-wide physical 13093M (1075M free)
TotalPageFile size 24869M (AvailPageFile size 9164M)
current process WorkingSet (physical memory assigned to process): 361M, peak: 361M
current process commit charge ("private bytes"): 462M, peak: 463M

vm_info: OpenJDK 64-Bit Server VM (17.0.7+7) for windows-amd64 JRE (17.0.7+7), built on Apr 18 2023 22:10:42 by "temurin" with MS VC++ 16.7 (VS2019)

END.
