#
# A fatal error has been detected by the Java Runtime Environment:
#
#  EXCEPTION_ACCESS_VIOLATION (0xc0000005) at pc=0x00007ffc529e2b60, pid=10644, tid=14380
#
# JRE version: OpenJDK Runtime Environment Temurin-17.0.7+7 (17.0.7+7) (build 17.0.7+7)
# Java VM: OpenJDK 64-Bit Server VM Temurin-17.0.7+7 (17.0.7+7, mixed mode, sharing, tiered, compressed oops, compressed class ptrs, g1 gc, windows-amd64)
# Problematic frame:
# C  [atio6axx.dll+0x192b60]
#
# No core dump will be written. Minidumps are not enabled by default on client versions of Windows
#
# If you would like to submit a bug report, please visit:
#   https://github.com/adoptium/adoptium-support/issues
# The crash happened outside the Java Virtual Machine in native code.
# See problematic frame for where to report the bug.
#

---------------  S U M M A R Y ------------

Command Line: -Dforge.enableGameTest=true -Dforge.logging.console.level=debug -Dforge.logging.markers=REGISTRIES -DignoreList=bootstraplauncher,securejarhandler,asm-commons,asm-util,asm-analysis,asm-tree,asm,JarJarFileSystems,client-extra,fmlcore,javafmllanguage,lowcodelanguage,mclanguage,forge- -Djava.net.preferIPv6Addresses=system -DlegacyClassPath.file=C:\Users\yochan\MCreatorWorkspaces\chakra\build\classpath\runClient_minecraftClasspath.txt -DmergeModules=jna-5.10.0.jar,jna-platform-5.10.0.jar --module-path=C:\Users\yochan\.mcreator\gradle\caches\modules-2\files-2.1\cpw.mods\bootstraplauncher\1.1.2\c546e00443d8432cda6baa1c860346980742628\bootstraplauncher-1.1.2.jar;C:\Users\yochan\.mcreator\gradle\caches\modules-2\files-2.1\cpw.mods\securejarhandler\2.1.10\51e6a22c6c716beb11e244bf5b8be480f51dd6b5\securejarhandler-2.1.10.jar;C:\Users\yochan\.mcreator\gradle\caches\modules-2\files-2.1\org.ow2.asm\asm-commons\9.5\19ab5b5800a3910d30d3a3e64fdb00fd0cb42de0\asm-commons-9.5.jar;C:\Users\yochan\.mcreator\gradle\caches\modules-2\files-2.1\org.ow2.asm\asm-util\9.5\64b5a1fc8c1b15ed2efd6a063e976bc8d3dc5ffe\asm-util-9.5.jar;C:\Users\yochan\.mcreator\gradle\caches\modules-2\files-2.1\org.ow2.asm\asm-analysis\9.5\490bacc77de7cbc0be1a30bb3471072d705be4a4\asm-analysis-9.5.jar;C:\Users\yochan\.mcreator\gradle\caches\modules-2\files-2.1\org.ow2.asm\asm-tree\9.5\fd33c8b6373abaa675be407082fdfda35021254a\asm-tree-9.5.jar;C:\Users\yochan\.mcreator\gradle\caches\modules-2\files-2.1\org.ow2.asm\asm\9.5\dc6ea1875f4d64fbc85e1691c95b96a3d8569c90\asm-9.5.jar;C:\Users\yochan\.mcreator\gradle\caches\modules-2\files-2.1\net.minecraftforge\JarJarFileSystems\0.3.19\2464eb7d6b9ddb9db36a82cf8a95193e5c6fe020\JarJarFileSystems-0.3.19.jar --add-modules=ALL-MODULE-PATH --add-opens=java.base/java.util.jar=cpw.mods.securejarhandler --add-opens=java.base/java.lang.invoke=cpw.mods.securejarhandler --add-exports=java.base/sun.security.util=cpw.mods.securejarhandler --add-exports=jdk.naming.dns/com.sun.jndi.dns=java.naming -XX:HeapDumpPath=MojangTricksIntelDriversForPerformance_javaw.exe_minecraft.exe.heapdump -Dfile.encoding=UTF-8 -Duser.country=US -Duser.language=en -Duser.variant cpw.mods.bootstraplauncher.BootstrapLauncher --launchTarget forgeclientuserdev --version MOD_DEV --assetIndex 5 --assetsDir C:\Users\yochan\.mcreator\gradle\caches\forge_gradle\assets --gameDir . --fml.forgeVersion 47.1.0 --fml.mcVersion 1.20.1 --fml.forgeGroup net.minecraftforge --fml.mcpVersion 20230612.114412

Host: AMD Ryzen 7 6800U with Radeon Graphics         , 16 cores, 12G,  Windows 11 , 64 bit Build 22621 (10.0.22621.2070)
Time: Sat Sep  9 16:30:49 2023  Windows 11 , 64 bit Build 22621 (10.0.22621.2070) elapsed time: 2.562327 seconds (0d 0h 0m 2s)

---------------  T H R E A D  ---------------

Current thread (0x00000234b4580b10):  JavaThread "main" [_thread_in_native, id=14380, stack(0x000000369f900000,0x000000369fa00000)]

Stack: [0x000000369f900000,0x000000369fa00000],  sp=0x000000369f9fb608,  free space=1005k
Native frames: (J=compiled Java code, j=interpreted, Vv=VM code, C=native code)
C  [atio6axx.dll+0x192b60]

Java frames: (J=compiled Java code, j=interpreted, Vv=VM code)
j  org.lwjgl.system.JNI.invokePPPP(IIJJJJ)J+0 org.lwjgl@3.3.1+7
j  org.lwjgl.glfw.GLFW.nglfwCreateWindow(IIJJJ)J+14 org.lwjgl.glfw@3.3.1+7
j  org.lwjgl.glfw.GLFW.glfwCreateWindow(IILjava/lang/CharSequence;JJ)J+34 org.lwjgl.glfw@3.3.1+7
j  net.minecraftforge.fml.earlydisplay.DisplayWindow.initWindow(Ljava/lang/String;)V+408 fmlearlydisplay@1.20.1-47.1.0
j  net.minecraftforge.fml.earlydisplay.DisplayWindow.start(Ljava/lang/String;Ljava/lang/String;)Ljava/lang/Runnable;+14 fmlearlydisplay@1.20.1-47.1.0
j  net.minecraftforge.fml.earlydisplay.DisplayWindow.initialize([Ljava/lang/String;)Ljava/lang/Runnable;+410 fmlearlydisplay@1.20.1-47.1.0
j  net.minecraftforge.fml.loading.ImmediateWindowHandler.load(Ljava/lang/String;[Ljava/lang/String;)V+180 fmlloader@1.20.1-47.1.0
j  net.minecraftforge.fml.loading.ModDirTransformerDiscoverer.earlyInitialization(Ljava/lang/String;[Ljava/lang/String;)V+2 fmlloader@1.20.1-47.1.0
j  cpw.mods.modlauncher.TransformationServicesHandler.lambda$discoverServices$18(Lcpw/mods/modlauncher/ArgumentHandler$DiscoveryData;Lcpw/mods/modlauncher/serviceapi/ITransformerDiscoveryService;)V+9 cpw.mods.modlauncher@10.0.9
j  cpw.mods.modlauncher.TransformationServicesHandler$$Lambda$415+0x0000000801216db0.accept(Ljava/lang/Object;)V+8 cpw.mods.modlauncher@10.0.9
J 2746 c2 java.lang.Iterable.forEach(Ljava/util/function/Consumer;)V java.base@17.0.7 (39 bytes) @ 0x00000234c3d83634 [0x00000234c3d83260+0x00000000000003d4]
j  cpw.mods.modlauncher.TransformationServicesHandler.discoverServices(Lcpw/mods/modlauncher/ArgumentHandler$DiscoveryData;)V+145 cpw.mods.modlauncher@10.0.9
j  cpw.mods.modlauncher.Launcher.run([Ljava/lang/String;)V+14 cpw.mods.modlauncher@10.0.9
j  cpw.mods.modlauncher.Launcher.main([Ljava/lang/String;)V+78 cpw.mods.modlauncher@10.0.9
j  cpw.mods.modlauncher.BootstrapLaunchConsumer.accept([Ljava/lang/String;)V+1 cpw.mods.modlauncher@10.0.9
j  cpw.mods.modlauncher.BootstrapLaunchConsumer.accept(Ljava/lang/Object;)V+5 cpw.mods.modlauncher@10.0.9
j  cpw.mods.bootstraplauncher.BootstrapLauncher.main([Ljava/lang/String;)V+515 cpw.mods.bootstraplauncher@1.1.2
v  ~StubRoutines::call_stub

siginfo: EXCEPTION_ACCESS_VIOLATION (0xc0000005), reading address 0xffffffffffffffff


Register to memory mapping:

RIP=0x00007ffc529e2b60 atio6axx.dll
RAX=0x0 is NULL
RBX=0x00007ffc562233b0 atio6axx.dll
RCX=0x2d73656c69665c32 is an unknown value
RDX=0x00000000000000d0 is an unknown value
RSP=0x000000369f9fb608 is pointing into the stack for thread: 0x00000234b4580b10
RBP=0x000000369f9fb770 is pointing into the stack for thread: 0x00000234b4580b10
RSI=0x00007ffc56132d40 atio6axx.dll
RDI=0x000000369f9fba60 is pointing into the stack for thread: 0x00000234b4580b10
R8 =0x00000000000001a5 is an unknown value
R9 =0x2d73656c69665c32 is an unknown value
R10=0x0 is NULL
R11=0x0000000000000200 is an unknown value
R12=0x00007ffc56223408 atio6axx.dll
R13=0x00007ffc56225c08 atio6axx.dll
R14=0x00007ffc562233b0 atio6axx.dll
R15=0x0 is NULL


Registers:
RAX=0x0000000000000000, RBX=0x00007ffc562233b0, RCX=0x2d73656c69665c32, RDX=0x00000000000000d0
RSP=0x000000369f9fb608, RBP=0x000000369f9fb770, RSI=0x00007ffc56132d40, RDI=0x000000369f9fba60
R8 =0x00000000000001a5, R9 =0x2d73656c69665c32, R10=0x0000000000000000, R11=0x0000000000000200
R12=0x00007ffc56223408, R13=0x00007ffc56225c08, R14=0x00007ffc562233b0, R15=0x0000000000000000
RIP=0x00007ffc529e2b60, EFLAGS=0x0000000000010202

Top of Stack: (sp=0x000000369f9fb608)
0x000000369f9fb608:   00007ffc529e2e7c 00007ffc56226020
0x000000369f9fb618:   00000234dc54def8 0000000000000000
0x000000369f9fb628:   00007ffc529e3e8d 000000369f9fba60
0x000000369f9fb638:   00007ffc5299f484 00007ffc562233b0
0x000000369f9fb648:   00007ffc56132d40 0000652e6176616a
0x000000369f9fb658:   0000513e8c602626 000000369f9fba60
0x000000369f9fb668:   00007ffc529a0457 00007ffc562233b8
0x000000369f9fb678:   00007ffc56132d40 00007ffc56132d40
0x000000369f9fb688:   000000369f9fb578 00007ffc562233b0
0x000000369f9fb698:   00007ffd00000000 0000000000000009
0x000000369f9fb6a8:   00000234dbc374fc 00000234dbc37658
0x000000369f9fb6b8:   00007ffc562233b8 000000369f9fba60
0x000000369f9fb6c8:   000000369f9fb817 00007f006176616a
0x000000369f9fb6d8:   00007f006176616a 46676e697274535c
0x000000369f9fb6e8:   5c6f666e49656c69 3062343039303430
0x000000369f9fb6f8:   726556656c69465c 000000006e6f6973 

Instructions: (pc=0x00007ffc529e2b60)
0x00007ffc529e2a60:   74 09 33 c9 ff 15 e6 89 66 03 90 48 8b c3 48 83
0x00007ffc529e2a70:   c4 20 5b c3 cc cc cc cc cc cc cc cc cc cc cc cc
0x00007ffc529e2a80:   48 83 ec 28 48 8b 51 08 48 85 d2 74 09 33 c9 ff
0x00007ffc529e2a90:   15 bb 89 66 03 90 48 83 c4 28 c3 cc cc cc cc cc
0x00007ffc529e2aa0:   48 89 11 c3 cc cc cc cc cc cc cc cc cc cc cc cc
0x00007ffc529e2ab0:   48 8b c1 c3 cc cc cc cc cc cc cc cc cc cc cc cc
0x00007ffc529e2ac0:   48 3b ca 74 10 41 8b 00 39 01 74 09 48 83 c1 04
0x00007ffc529e2ad0:   48 3b ca 75 f3 48 8b c1 c3 cc cc cc cc cc cc cc
0x00007ffc529e2ae0:   48 8b c1 c3 cc cc cc cc cc cc cc cc cc cc cc cc
0x00007ffc529e2af0:   48 83 39 00 0f 94 c0 c3 cc cc cc cc cc cc cc cc
0x00007ffc529e2b00:   4c 8d 04 d5 00 00 00 00 33 d2 e9 c1 d0 dd 01 cc
0x00007ffc529e2b10:   4c 8b 41 08 48 8b 02 49 89 00 48 83 41 08 08 c3
0x00007ffc529e2b20:   48 8b c1 c3 cc cc cc cc cc cc cc cc cc cc cc cc
0x00007ffc529e2b30:   48 8b c1 c3 cc cc cc cc cc cc cc cc cc cc cc cc
0x00007ffc529e2b40:   49 8b 00 48 89 02 c3 cc cc cc cc cc cc cc cc cc
0x00007ffc529e2b50:   8b 81 40 39 00 00 c3 cc cc cc cc cc cc cc cc cc
0x00007ffc529e2b60:   8b 81 40 39 00 00 83 c0 f0 83 f8 67 0f 87 5a 01
0x00007ffc529e2b70:   00 00 48 8d 15 87 d4 e6 ff 0f b6 84 02 f0 2c 19
0x00007ffc529e2b80:   00 8b 8c 82 d0 2c 19 00 48 03 ca ff e1 48 8b 0d
0x00007ffc529e2b90:   6c 6f 7e 03 83 b9 b4 34 00 00 02 0f 87 2b 01 00
0x00007ffc529e2ba0:   00 48 8d 91 0c 29 00 00 c7 02 e1 00 00 00 e9 ce
0x00007ffc529e2bb0:   00 00 00 48 8b 0d 46 6f 7e 03 83 b9 b4 34 00 00
0x00007ffc529e2bc0:   02 0f 87 05 01 00 00 48 8d 91 0c 29 00 00 c7 02
0x00007ffc529e2bd0:   f0 00 00 00 e9 a8 00 00 00 48 8b 0d 20 6f 7e 03
0x00007ffc529e2be0:   83 b9 b4 34 00 00 02 0f 87 df 00 00 00 48 8d 91
0x00007ffc529e2bf0:   0c 29 00 00 c7 02 00 04 00 00 e9 82 00 00 00 48
0x00007ffc529e2c00:   8b 0d fa 6e 7e 03 83 b9 b4 34 00 00 02 0f 87 b9
0x00007ffc529e2c10:   00 00 00 48 8d 91 0c 29 00 00 c7 02 00 08 00 00
0x00007ffc529e2c20:   eb 5f 48 8b 0d d7 6e 7e 03 83 b9 b4 34 00 00 02
0x00007ffc529e2c30:   0f 87 96 00 00 00 48 8d 91 0c 29 00 00 c7 02 00
0x00007ffc529e2c40:   09 00 00 eb 3c 48 8b 0d b4 6e 7e 03 83 b9 b4 34
0x00007ffc529e2c50:   00 00 02 77 77 48 8d 91 0c 29 00 00 c7 02 3c 0f 


Stack slot to memory mapping:
stack at sp + 0 slots: 0x00007ffc529e2e7c atio6axx.dll
stack at sp + 1 slots: 0x00007ffc56226020 atio6axx.dll
stack at sp + 2 slots: 0x00000234dc54def8 points into unknown readable memory: 0x00007ffc55a2f5f0 | f0 f5 a2 55 fc 7f 00 00
stack at sp + 3 slots: 0x0 is NULL
stack at sp + 4 slots: 0x00007ffc529e3e8d atio6axx.dll
stack at sp + 5 slots: 0x000000369f9fba60 is pointing into the stack for thread: 0x00000234b4580b10
stack at sp + 6 slots: 0x00007ffc5299f484 atio6axx.dll
stack at sp + 7 slots: 0x00007ffc562233b0 atio6axx.dll


---------------  P R O C E S S  ---------------

Threads class SMR info:
_java_thread_list=0x00000234df622f00, length=20, elements={
0x00000234b4580b10, 0x00000234d5bbe260, 0x00000234d5bc0e20, 0x00000234d62d9a20,
0x00000234d62dbff0, 0x00000234d62dc9a0, 0x00000234d62e5fb0, 0x00000234d62e9a10,
0x00000234d62e7b40, 0x00000234d6303310, 0x00000234d6397750, 0x00000234d640fac0,
0x00000234d6426b50, 0x00000234d641eb10, 0x00000234d655afe0, 0x00000234d6be2ab0,
0x00000234d6be2fc0, 0x00000234d6c158b0, 0x00000234dc2c26b0, 0x00000234df178020
}

Java Threads: ( => current thread )
=>0x00000234b4580b10 JavaThread "main" [_thread_in_native, id=14380, stack(0x000000369f900000,0x000000369fa00000)]
  0x00000234d5bbe260 JavaThread "Reference Handler" daemon [_thread_blocked, id=7892, stack(0x00000036a0000000,0x00000036a0100000)]
  0x00000234d5bc0e20 JavaThread "Finalizer" daemon [_thread_blocked, id=7356, stack(0x00000036a0100000,0x00000036a0200000)]
  0x00000234d62d9a20 JavaThread "Signal Dispatcher" daemon [_thread_blocked, id=5396, stack(0x00000036a0200000,0x00000036a0300000)]
  0x00000234d62dbff0 JavaThread "Attach Listener" daemon [_thread_blocked, id=14056, stack(0x00000036a0300000,0x00000036a0400000)]
  0x00000234d62dc9a0 JavaThread "Service Thread" daemon [_thread_blocked, id=19280, stack(0x00000036a0400000,0x00000036a0500000)]
  0x00000234d62e5fb0 JavaThread "Monitor Deflation Thread" daemon [_thread_blocked, id=12652, stack(0x00000036a0500000,0x00000036a0600000)]
  0x00000234d62e9a10 JavaThread "C2 CompilerThread0" daemon [_thread_blocked, id=15296, stack(0x00000036a0600000,0x00000036a0700000)]
  0x00000234d62e7b40 JavaThread "C1 CompilerThread0" daemon [_thread_blocked, id=12084, stack(0x00000036a0700000,0x00000036a0800000)]
  0x00000234d6303310 JavaThread "Sweeper thread" daemon [_thread_blocked, id=12336, stack(0x00000036a0800000,0x00000036a0900000)]
  0x00000234d6397750 JavaThread "C1 CompilerThread1" daemon [_thread_blocked, id=15920, stack(0x00000036a0900000,0x00000036a0a00000)]
  0x00000234d640fac0 JavaThread "Common-Cleaner" daemon [_thread_blocked, id=9424, stack(0x00000036a0a00000,0x00000036a0b00000)]
  0x00000234d6426b50 JavaThread "C2 CompilerThread1" daemon [_thread_blocked, id=18092, stack(0x00000036a0b00000,0x00000036a0c00000)]
  0x00000234d641eb10 JavaThread "C2 CompilerThread2" daemon [_thread_blocked, id=11340, stack(0x00000036a0c00000,0x00000036a0d00000)]
  0x00000234d655afe0 JavaThread "Notification Thread" daemon [_thread_blocked, id=17052, stack(0x00000036a0d00000,0x00000036a0e00000)]
  0x00000234d6be2ab0 JavaThread "C1 CompilerThread2" daemon [_thread_blocked, id=9892, stack(0x00000036a0f00000,0x00000036a1000000)]
  0x00000234d6be2fc0 JavaThread "C1 CompilerThread3" daemon [_thread_blocked, id=17720, stack(0x00000036a1000000,0x00000036a1100000)]
  0x00000234d6c158b0 JavaThread "C2 CompilerThread3" daemon [_thread_blocked, id=19440, stack(0x00000036a1400000,0x00000036a1500000)]
  0x00000234dc2c26b0 JavaThread "C2 CompilerThread4" daemon [_thread_blocked, id=19232, stack(0x00000036a1500000,0x00000036a1600000)]
  0x00000234df178020 JavaThread "pool-2-thread-1" daemon [_thread_blocked, id=17812, stack(0x00000036a1e00000,0x00000036a1f00000)]

Other Threads:
  0x00000234d5bb8c00 VMThread "VM Thread" [stack: 0x000000369ff00000,0x00000036a0000000] [id=12344]
  0x00000234d65855e0 WatcherThread [stack: 0x00000036a0e00000,0x00000036a0f00000] [id=17240]
  0x00000234b45df9b0 GCTaskThread "GC Thread#0" [stack: 0x000000369fa00000,0x000000369fb00000] [id=17956]
  0x00000234d67ce190 GCTaskThread "GC Thread#1" [stack: 0x00000036a1100000,0x00000036a1200000] [id=12448]
  0x00000234d67ce850 GCTaskThread "GC Thread#2" [stack: 0x00000036a1200000,0x00000036a1300000] [id=19316]
  0x00000234d6c2a160 GCTaskThread "GC Thread#3" [stack: 0x00000036a1300000,0x00000036a1400000] [id=19044]
  0x00000234de12a790 GCTaskThread "GC Thread#4" [stack: 0x00000036a1900000,0x00000036a1a00000] [id=18504]
  0x00000234de12a4e0 GCTaskThread "GC Thread#5" [stack: 0x00000036a1a00000,0x00000036a1b00000] [id=19300]
  0x00000234de12afa0 GCTaskThread "GC Thread#6" [stack: 0x00000036a1600000,0x00000036a1700000] [id=19388]
  0x00000234de12b250 GCTaskThread "GC Thread#7" [stack: 0x00000036a1700000,0x00000036a1800000] [id=11824]
  0x00000234de129770 GCTaskThread "GC Thread#8" [stack: 0x00000036a1800000,0x00000036a1900000] [id=18940]
  0x00000234b45ed6e0 ConcurrentGCThread "G1 Main Marker" [stack: 0x000000369fb00000,0x000000369fc00000] [id=2628]
  0x00000234b45eefa0 ConcurrentGCThread "G1 Conc#0" [stack: 0x000000369fc00000,0x000000369fd00000] [id=3136]
  0x00000234b460e040 ConcurrentGCThread "G1 Refine#0" [stack: 0x000000369fd00000,0x000000369fe00000] [id=8676]
  0x00000234b460e710 ConcurrentGCThread "G1 Service" [stack: 0x000000369fe00000,0x000000369ff00000] [id=18660]

Threads with active compile tasks:

VM state: not at safepoint (normal execution)

VM Mutex/Monitor currently owned by a thread: None

Heap address: 0x0000000733600000, size: 3274 MB, Compressed Oops mode: Zero based, Oop shift amount: 3

CDS archive(s) mapped at: [0x0000000800000000-0x0000000800bc0000-0x0000000800bc0000), size 12320768, SharedBaseAddress: 0x0000000800000000, ArchiveRelocationMode: 0.
Compressed class space mapped at: 0x0000000801000000-0x0000000841000000, reserved size: 1073741824
Narrow klass base: 0x0000000800000000, Narrow klass shift: 0, Narrow klass range: 0x100000000

GC Precious Log:
 CPUs: 16 total, 16 available
 Memory: 13093M
 Large Page Support: Disabled
 NUMA Support: Disabled
 Compressed Oops: Enabled (Zero based)
 Heap Region Size: 2M
 Heap Min Capacity: 8M
 Heap Initial Capacity: 206M
 Heap Max Capacity: 3274M
 Pre-touch: Disabled
 Parallel Workers: 13
 Concurrent Workers: 3
 Concurrent Refinement Workers: 13
 Periodic GC: Disabled

Heap:
 garbage-first heap   total 253952K, used 72651K [0x0000000733600000, 0x0000000800000000)
  region size 2048K, 23 young (47104K), 4 survivors (8192K)
 Metaspace       used 16829K, committed 17152K, reserved 1114112K
  class space    used 1906K, committed 2048K, reserved 1048576K

Heap Regions: E=young(eden), S=young(survivor), O=old, HS=humongous(starts), HC=humongous(continues), CS=collection set, F=free, OA=open archive, CA=closed archive, TAMS=top-at-mark-start (previous, next)
|   0|0x0000000733600000, 0x0000000733800000, 0x0000000733800000|100%|HS|  |TAMS 0x0000000733600000, 0x0000000733600000| Complete 
|   1|0x0000000733800000, 0x0000000733a00000, 0x0000000733a00000|100%| O|  |TAMS 0x0000000733800000, 0x0000000733800000| Untracked 
|   2|0x0000000733a00000, 0x0000000733c00000, 0x0000000733c00000|100%| O|  |TAMS 0x0000000733a00000, 0x0000000733a00000| Untracked 
|   3|0x0000000733c00000, 0x0000000733e00000, 0x0000000733e00000|100%|HS|  |TAMS 0x0000000733c00000, 0x0000000733c00000| Complete 
|   4|0x0000000733e00000, 0x0000000734000000, 0x0000000734000000|100%| O|  |TAMS 0x0000000733e00000, 0x0000000733e00000| Untracked 
|   5|0x0000000734000000, 0x0000000734200000, 0x0000000734200000|100%| O|  |TAMS 0x0000000734000000, 0x0000000734000000| Untracked 
|   6|0x0000000734200000, 0x0000000734400000, 0x0000000734400000|100%|HS|  |TAMS 0x0000000734200000, 0x0000000734200000| Complete 
|   7|0x0000000734400000, 0x0000000734600000, 0x0000000734600000|100%|HS|  |TAMS 0x0000000734400000, 0x0000000734400000| Complete 
|   8|0x0000000734600000, 0x0000000734800000, 0x0000000734800000|100%| O|  |TAMS 0x0000000734600000, 0x0000000734600000| Untracked 
|   9|0x0000000734800000, 0x0000000734a00000, 0x0000000734a00000|100%| O|  |TAMS 0x0000000734800000, 0x0000000734800000| Untracked 
|  10|0x0000000734a00000, 0x0000000734c00000, 0x0000000734c00000|100%| O|  |TAMS 0x0000000734a00000, 0x0000000734a00000| Untracked 
|  11|0x0000000734c00000, 0x0000000734e00000, 0x0000000734e00000|100%| O|  |TAMS 0x0000000734c00000, 0x0000000734c00000| Untracked 
|  12|0x0000000734e00000, 0x0000000735000000, 0x0000000735000000|100%| O|  |TAMS 0x0000000734e00000, 0x0000000734e00000| Untracked 
|  13|0x0000000735000000, 0x00000007350f2e00, 0x0000000735200000| 47%| O|  |TAMS 0x0000000735000000, 0x0000000735000000| Untracked 
|  14|0x0000000735200000, 0x0000000735200000, 0x0000000735400000|  0%| F|  |TAMS 0x0000000735200000, 0x0000000735200000| Untracked 
|  15|0x0000000735400000, 0x0000000735400000, 0x0000000735600000|  0%| F|  |TAMS 0x0000000735400000, 0x0000000735400000| Untracked 
|  16|0x0000000735600000, 0x0000000735600000, 0x0000000735800000|  0%| F|  |TAMS 0x0000000735600000, 0x0000000735600000| Untracked 
|  17|0x0000000735800000, 0x0000000735800000, 0x0000000735a00000|  0%| F|  |TAMS 0x0000000735800000, 0x0000000735800000| Untracked 
|  18|0x0000000735a00000, 0x0000000735a00000, 0x0000000735c00000|  0%| F|  |TAMS 0x0000000735a00000, 0x0000000735a00000| Untracked 
|  19|0x0000000735c00000, 0x0000000735c00000, 0x0000000735e00000|  0%| F|  |TAMS 0x0000000735c00000, 0x0000000735c00000| Untracked 
|  20|0x0000000735e00000, 0x0000000735e00000, 0x0000000736000000|  0%| F|  |TAMS 0x0000000735e00000, 0x0000000735e00000| Untracked 
|  21|0x0000000736000000, 0x0000000736000000, 0x0000000736200000|  0%| F|  |TAMS 0x0000000736000000, 0x0000000736000000| Untracked 
|  22|0x0000000736200000, 0x0000000736200000, 0x0000000736400000|  0%| F|  |TAMS 0x0000000736200000, 0x0000000736200000| Untracked 
|  23|0x0000000736400000, 0x0000000736400000, 0x0000000736600000|  0%| F|  |TAMS 0x0000000736400000, 0x0000000736400000| Untracked 
|  24|0x0000000736600000, 0x0000000736600000, 0x0000000736800000|  0%| F|  |TAMS 0x0000000736600000, 0x0000000736600000| Untracked 
|  25|0x0000000736800000, 0x0000000736800000, 0x0000000736a00000|  0%| F|  |TAMS 0x0000000736800000, 0x0000000736800000| Untracked 
|  26|0x0000000736a00000, 0x0000000736a00000, 0x0000000736c00000|  0%| F|  |TAMS 0x0000000736a00000, 0x0000000736a00000| Untracked 
|  27|0x0000000736c00000, 0x0000000736c00000, 0x0000000736e00000|  0%| F|  |TAMS 0x0000000736c00000, 0x0000000736c00000| Untracked 
|  28|0x0000000736e00000, 0x0000000736e00000, 0x0000000737000000|  0%| F|  |TAMS 0x0000000736e00000, 0x0000000736e00000| Untracked 
|  29|0x0000000737000000, 0x0000000737000000, 0x0000000737200000|  0%| F|  |TAMS 0x0000000737000000, 0x0000000737000000| Untracked 
|  30|0x0000000737200000, 0x0000000737200000, 0x0000000737400000|  0%| F|  |TAMS 0x0000000737200000, 0x0000000737200000| Untracked 
|  31|0x0000000737400000, 0x0000000737400000, 0x0000000737600000|  0%| F|  |TAMS 0x0000000737400000, 0x0000000737400000| Untracked 
|  32|0x0000000737600000, 0x0000000737600000, 0x0000000737800000|  0%| F|  |TAMS 0x0000000737600000, 0x0000000737600000| Untracked 
|  33|0x0000000737800000, 0x0000000737800000, 0x0000000737a00000|  0%| F|  |TAMS 0x0000000737800000, 0x0000000737800000| Untracked 
|  34|0x0000000737a00000, 0x0000000737a00000, 0x0000000737c00000|  0%| F|  |TAMS 0x0000000737a00000, 0x0000000737a00000| Untracked 
|  35|0x0000000737c00000, 0x0000000737c00000, 0x0000000737e00000|  0%| F|  |TAMS 0x0000000737c00000, 0x0000000737c00000| Untracked 
|  36|0x0000000737e00000, 0x0000000737e00000, 0x0000000738000000|  0%| F|  |TAMS 0x0000000737e00000, 0x0000000737e00000| Untracked 
|  37|0x0000000738000000, 0x0000000738000000, 0x0000000738200000|  0%| F|  |TAMS 0x0000000738000000, 0x0000000738000000| Untracked 
|  38|0x0000000738200000, 0x0000000738400000, 0x0000000738400000|100%| S|CS|TAMS 0x0000000738200000, 0x0000000738200000| Complete 
|  39|0x0000000738400000, 0x0000000738600000, 0x0000000738600000|100%| S|CS|TAMS 0x0000000738400000, 0x0000000738400000| Complete 
|  40|0x0000000738600000, 0x0000000738800000, 0x0000000738800000|100%| S|CS|TAMS 0x0000000738600000, 0x0000000738600000| Complete 
|  41|0x0000000738800000, 0x0000000738a00000, 0x0000000738a00000|100%| S|CS|TAMS 0x0000000738800000, 0x0000000738800000| Complete 
|  42|0x0000000738a00000, 0x0000000738a00000, 0x0000000738c00000|  0%| F|  |TAMS 0x0000000738a00000, 0x0000000738a00000| Untracked 
|  43|0x0000000738c00000, 0x0000000738c00000, 0x0000000738e00000|  0%| F|  |TAMS 0x0000000738c00000, 0x0000000738c00000| Untracked 
|  44|0x0000000738e00000, 0x0000000738e00000, 0x0000000739000000|  0%| F|  |TAMS 0x0000000738e00000, 0x0000000738e00000| Untracked 
|  45|0x0000000739000000, 0x0000000739000000, 0x0000000739200000|  0%| F|  |TAMS 0x0000000739000000, 0x0000000739000000| Untracked 
|  46|0x0000000739200000, 0x0000000739200000, 0x0000000739400000|  0%| F|  |TAMS 0x0000000739200000, 0x0000000739200000| Untracked 
|  47|0x0000000739400000, 0x0000000739400000, 0x0000000739600000|  0%| F|  |TAMS 0x0000000739400000, 0x0000000739400000| Untracked 
|  48|0x0000000739600000, 0x0000000739600000, 0x0000000739800000|  0%| F|  |TAMS 0x0000000739600000, 0x0000000739600000| Untracked 
|  49|0x0000000739800000, 0x0000000739800000, 0x0000000739a00000|  0%| F|  |TAMS 0x0000000739800000, 0x0000000739800000| Untracked 
|  50|0x0000000739a00000, 0x0000000739a00000, 0x0000000739c00000|  0%| F|  |TAMS 0x0000000739a00000, 0x0000000739a00000| Untracked 
|  51|0x0000000739c00000, 0x0000000739c00000, 0x0000000739e00000|  0%| F|  |TAMS 0x0000000739c00000, 0x0000000739c00000| Untracked 
|  52|0x0000000739e00000, 0x0000000739e00000, 0x000000073a000000|  0%| F|  |TAMS 0x0000000739e00000, 0x0000000739e00000| Untracked 
|  53|0x000000073a000000, 0x000000073a000000, 0x000000073a200000|  0%| F|  |TAMS 0x000000073a000000, 0x000000073a000000| Untracked 
|  54|0x000000073a200000, 0x000000073a200000, 0x000000073a400000|  0%| F|  |TAMS 0x000000073a200000, 0x000000073a200000| Untracked 
|  55|0x000000073a400000, 0x000000073a400000, 0x000000073a600000|  0%| F|  |TAMS 0x000000073a400000, 0x000000073a400000| Untracked 
|  56|0x000000073a600000, 0x000000073a600000, 0x000000073a800000|  0%| F|  |TAMS 0x000000073a600000, 0x000000073a600000| Untracked 
|  57|0x000000073a800000, 0x000000073a800000, 0x000000073aa00000|  0%| F|  |TAMS 0x000000073a800000, 0x000000073a800000| Untracked 
|  58|0x000000073aa00000, 0x000000073aa00000, 0x000000073ac00000|  0%| F|  |TAMS 0x000000073aa00000, 0x000000073aa00000| Untracked 
|  59|0x000000073ac00000, 0x000000073ac00000, 0x000000073ae00000|  0%| F|  |TAMS 0x000000073ac00000, 0x000000073ac00000| Untracked 
|  60|0x000000073ae00000, 0x000000073ae00000, 0x000000073b000000|  0%| F|  |TAMS 0x000000073ae00000, 0x000000073ae00000| Untracked 
|  61|0x000000073b000000, 0x000000073b000000, 0x000000073b200000|  0%| F|  |TAMS 0x000000073b000000, 0x000000073b000000| Untracked 
|  62|0x000000073b200000, 0x000000073b200000, 0x000000073b400000|  0%| F|  |TAMS 0x000000073b200000, 0x000000073b200000| Untracked 
|  63|0x000000073b400000, 0x000000073b400000, 0x000000073b600000|  0%| F|  |TAMS 0x000000073b400000, 0x000000073b400000| Untracked 
|  64|0x000000073b600000, 0x000000073b600000, 0x000000073b800000|  0%| F|  |TAMS 0x000000073b600000, 0x000000073b600000| Untracked 
|  65|0x000000073b800000, 0x000000073b800000, 0x000000073ba00000|  0%| F|  |TAMS 0x000000073b800000, 0x000000073b800000| Untracked 
|  66|0x000000073ba00000, 0x000000073ba00000, 0x000000073bc00000|  0%| F|  |TAMS 0x000000073ba00000, 0x000000073ba00000| Untracked 
|  67|0x000000073bc00000, 0x000000073bc00000, 0x000000073be00000|  0%| F|  |TAMS 0x000000073bc00000, 0x000000073bc00000| Untracked 
|  68|0x000000073be00000, 0x000000073be00000, 0x000000073c000000|  0%| F|  |TAMS 0x000000073be00000, 0x000000073be00000| Untracked 
|  69|0x000000073c000000, 0x000000073c000000, 0x000000073c200000|  0%| F|  |TAMS 0x000000073c000000, 0x000000073c000000| Untracked 
|  70|0x000000073c200000, 0x000000073c200000, 0x000000073c400000|  0%| F|  |TAMS 0x000000073c200000, 0x000000073c200000| Untracked 
|  71|0x000000073c400000, 0x000000073c400000, 0x000000073c600000|  0%| F|  |TAMS 0x000000073c400000, 0x000000073c400000| Untracked 
|  72|0x000000073c600000, 0x000000073c600000, 0x000000073c800000|  0%| F|  |TAMS 0x000000073c600000, 0x000000073c600000| Untracked 
|  73|0x000000073c800000, 0x000000073c800000, 0x000000073ca00000|  0%| F|  |TAMS 0x000000073c800000, 0x000000073c800000| Untracked 
|  74|0x000000073ca00000, 0x000000073ca00000, 0x000000073cc00000|  0%| F|  |TAMS 0x000000073ca00000, 0x000000073ca00000| Untracked 
|  75|0x000000073cc00000, 0x000000073cc00000, 0x000000073ce00000|  0%| F|  |TAMS 0x000000073cc00000, 0x000000073cc00000| Untracked 
|  76|0x000000073ce00000, 0x000000073ce00000, 0x000000073d000000|  0%| F|  |TAMS 0x000000073ce00000, 0x000000073ce00000| Untracked 
|  77|0x000000073d000000, 0x000000073d000000, 0x000000073d200000|  0%| F|  |TAMS 0x000000073d000000, 0x000000073d000000| Untracked 
|  78|0x000000073d200000, 0x000000073d200000, 0x000000073d400000|  0%| F|  |TAMS 0x000000073d200000, 0x000000073d200000| Untracked 
|  79|0x000000073d400000, 0x000000073d400000, 0x000000073d600000|  0%| F|  |TAMS 0x000000073d400000, 0x000000073d400000| Untracked 
|  80|0x000000073d600000, 0x000000073d600000, 0x000000073d800000|  0%| F|  |TAMS 0x000000073d600000, 0x000000073d600000| Untracked 
|  81|0x000000073d800000, 0x000000073d800000, 0x000000073da00000|  0%| F|  |TAMS 0x000000073d800000, 0x000000073d800000| Untracked 
|  82|0x000000073da00000, 0x000000073da00000, 0x000000073dc00000|  0%| F|  |TAMS 0x000000073da00000, 0x000000073da00000| Untracked 
|  83|0x000000073dc00000, 0x000000073dc00000, 0x000000073de00000|  0%| F|  |TAMS 0x000000073dc00000, 0x000000073dc00000| Untracked 
|  84|0x000000073de00000, 0x000000073de00000, 0x000000073e000000|  0%| F|  |TAMS 0x000000073de00000, 0x000000073de00000| Untracked 
|  85|0x000000073e000000, 0x000000073e000000, 0x000000073e200000|  0%| F|  |TAMS 0x000000073e000000, 0x000000073e000000| Untracked 
|  86|0x000000073e200000, 0x000000073e200000, 0x000000073e400000|  0%| F|  |TAMS 0x000000073e200000, 0x000000073e200000| Untracked 
|  87|0x000000073e400000, 0x000000073e400000, 0x000000073e600000|  0%| F|  |TAMS 0x000000073e400000, 0x000000073e400000| Untracked 
|  88|0x000000073e600000, 0x000000073e600000, 0x000000073e800000|  0%| F|  |TAMS 0x000000073e600000, 0x000000073e600000| Untracked 
|  89|0x000000073e800000, 0x000000073e800000, 0x000000073ea00000|  0%| F|  |TAMS 0x000000073e800000, 0x000000073e800000| Untracked 
|  90|0x000000073ea00000, 0x000000073ea00000, 0x000000073ec00000|  0%| F|  |TAMS 0x000000073ea00000, 0x000000073ea00000| Untracked 
|  91|0x000000073ec00000, 0x000000073ec00000, 0x000000073ee00000|  0%| F|  |TAMS 0x000000073ec00000, 0x000000073ec00000| Untracked 
|  92|0x000000073ee00000, 0x000000073ee00000, 0x000000073f000000|  0%| F|  |TAMS 0x000000073ee00000, 0x000000073ee00000| Untracked 
|  93|0x000000073f000000, 0x000000073f000000, 0x000000073f200000|  0%| F|  |TAMS 0x000000073f000000, 0x000000073f000000| Untracked 
|  94|0x000000073f200000, 0x000000073f200000, 0x000000073f400000|  0%| F|  |TAMS 0x000000073f200000, 0x000000073f200000| Untracked 
|  95|0x000000073f400000, 0x000000073f400000, 0x000000073f600000|  0%| F|  |TAMS 0x000000073f400000, 0x000000073f400000| Untracked 
|  96|0x000000073f600000, 0x000000073f600000, 0x000000073f800000|  0%| F|  |TAMS 0x000000073f600000, 0x000000073f600000| Untracked 
|  97|0x000000073f800000, 0x000000073f800000, 0x000000073fa00000|  0%| F|  |TAMS 0x000000073f800000, 0x000000073f800000| Untracked 
|  98|0x000000073fa00000, 0x000000073fa00000, 0x000000073fc00000|  0%| F|  |TAMS 0x000000073fa00000, 0x000000073fa00000| Untracked 
|  99|0x000000073fc00000, 0x000000073fc00000, 0x000000073fe00000|  0%| F|  |TAMS 0x000000073fc00000, 0x000000073fc00000| Untracked 
| 100|0x000000073fe00000, 0x000000073fe00000, 0x0000000740000000|  0%| F|  |TAMS 0x000000073fe00000, 0x000000073fe00000| Untracked 
| 101|0x0000000740000000, 0x0000000740000000, 0x0000000740200000|  0%| F|  |TAMS 0x0000000740000000, 0x0000000740000000| Untracked 
| 102|0x0000000740200000, 0x0000000740200000, 0x0000000740400000|  0%| F|  |TAMS 0x0000000740200000, 0x0000000740200000| Untracked 
| 103|0x0000000740400000, 0x0000000740400000, 0x0000000740600000|  0%| F|  |TAMS 0x0000000740400000, 0x0000000740400000| Untracked 
| 104|0x0000000740600000, 0x0000000740600000, 0x0000000740800000|  0%| F|  |TAMS 0x0000000740600000, 0x0000000740600000| Untracked 
| 105|0x0000000740800000, 0x0000000740a00000, 0x0000000740a00000|100%| E|  |TAMS 0x0000000740800000, 0x0000000740800000| Complete 
| 106|0x0000000740a00000, 0x0000000740c00000, 0x0000000740c00000|100%| E|CS|TAMS 0x0000000740a00000, 0x0000000740a00000| Complete 
| 107|0x0000000740c00000, 0x0000000740e00000, 0x0000000740e00000|100%| E|CS|TAMS 0x0000000740c00000, 0x0000000740c00000| Complete 
| 108|0x0000000740e00000, 0x0000000741000000, 0x0000000741000000|100%| E|CS|TAMS 0x0000000740e00000, 0x0000000740e00000| Complete 
| 109|0x0000000741000000, 0x0000000741200000, 0x0000000741200000|100%| E|CS|TAMS 0x0000000741000000, 0x0000000741000000| Complete 
| 110|0x0000000741200000, 0x0000000741400000, 0x0000000741400000|100%| E|CS|TAMS 0x0000000741200000, 0x0000000741200000| Complete 
| 111|0x0000000741400000, 0x0000000741600000, 0x0000000741600000|100%| E|CS|TAMS 0x0000000741400000, 0x0000000741400000| Complete 
| 112|0x0000000741600000, 0x0000000741800000, 0x0000000741800000|100%| E|CS|TAMS 0x0000000741600000, 0x0000000741600000| Complete 
| 113|0x0000000741800000, 0x0000000741a00000, 0x0000000741a00000|100%| E|CS|TAMS 0x0000000741800000, 0x0000000741800000| Complete 
| 114|0x0000000741a00000, 0x0000000741c00000, 0x0000000741c00000|100%| E|CS|TAMS 0x0000000741a00000, 0x0000000741a00000| Complete 
| 115|0x0000000741c00000, 0x0000000741e00000, 0x0000000741e00000|100%| E|CS|TAMS 0x0000000741c00000, 0x0000000741c00000| Complete 
| 116|0x0000000741e00000, 0x0000000742000000, 0x0000000742000000|100%| E|CS|TAMS 0x0000000741e00000, 0x0000000741e00000| Complete 
| 117|0x0000000742000000, 0x0000000742200000, 0x0000000742200000|100%| E|CS|TAMS 0x0000000742000000, 0x0000000742000000| Complete 
| 118|0x0000000742200000, 0x0000000742400000, 0x0000000742400000|100%| E|CS|TAMS 0x0000000742200000, 0x0000000742200000| Complete 
| 119|0x0000000742400000, 0x0000000742600000, 0x0000000742600000|100%| E|CS|TAMS 0x0000000742400000, 0x0000000742400000| Complete 
| 120|0x0000000742600000, 0x0000000742800000, 0x0000000742800000|100%| E|CS|TAMS 0x0000000742600000, 0x0000000742600000| Complete 
| 121|0x0000000742800000, 0x0000000742a00000, 0x0000000742a00000|100%| E|CS|TAMS 0x0000000742800000, 0x0000000742800000| Complete 
| 122|0x0000000742a00000, 0x0000000742c00000, 0x0000000742c00000|100%| E|CS|TAMS 0x0000000742a00000, 0x0000000742a00000| Complete 
| 123|0x0000000742c00000, 0x0000000742e00000, 0x0000000742e00000|100%| E|CS|TAMS 0x0000000742c00000, 0x0000000742c00000| Complete 

Card table byte_map: [0x00000234cbf20000,0x00000234cc590000] _byte_map_base: 0x00000234c8585000

Marking Bits (Prev, Next): (CMBitMap*) 0x00000234b45dffc0, (CMBitMap*) 0x00000234b45e0000
 Prev Bits: [0x00000234ccc00000, 0x00000234cff28000)
 Next Bits: [0x00000234cff30000, 0x00000234d3258000)

Polling page: 0x00000234b24d0000

Metaspace:

Usage:
  Non-class:     14.57 MB used.
      Class:      1.86 MB used.
       Both:     16.44 MB used.

Virtual space:
  Non-class space:       64.00 MB reserved,      14.75 MB ( 23%) committed,  1 nodes.
      Class space:        1.00 GB reserved,       2.00 MB ( <1%) committed,  1 nodes.
             Both:        1.06 GB reserved,      16.75 MB (  2%) committed. 

Chunk freelists:
   Non-Class:  820.00 KB
       Class:  13.82 MB
        Both:  14.62 MB

MaxMetaspaceSize: unlimited
CompressedClassSpaceSize: 1.00 GB
Initial GC threshold: 21.00 MB
Current GC threshold: 21.00 MB
CDS: on
MetaspaceReclaimPolicy: balanced
 - commit_granule_bytes: 65536.
 - commit_granule_words: 8192.
 - virtual_space_node_default_size: 8388608.
 - enlarge_chunks_in_place: 1.
 - new_chunks_are_fully_committed: 0.
 - uncommit_free_chunks: 1.
 - use_allocation_guard: 0.
 - handle_deallocations: 1.


Internal statistics:

num_allocs_failed_limit: 0.
num_arena_births: 298.
num_arena_deaths: 0.
num_vsnodes_births: 2.
num_vsnodes_deaths: 0.
num_space_committed: 268.
num_space_uncommitted: 0.
num_chunks_returned_to_freelist: 0.
num_chunks_taken_from_freelist: 730.
num_chunk_merges: 0.
num_chunk_splits: 448.
num_chunks_enlarged: 286.
num_inconsistent_stats: 0.

CodeHeap 'non-profiled nmethods': size=119168Kb used=2566Kb max_used=2566Kb free=116601Kb
 bounds [0x00000234c3bd0000, 0x00000234c3e60000, 0x00000234cb030000]
CodeHeap 'profiled nmethods': size=119104Kb used=7434Kb max_used=7434Kb free=111669Kb
 bounds [0x00000234bc030000, 0x00000234bc780000, 0x00000234c3480000]
CodeHeap 'non-nmethods': size=7488Kb used=3310Kb max_used=3352Kb free=4177Kb
 bounds [0x00000234c3480000, 0x00000234c37d0000, 0x00000234c3bd0000]
 total_blobs=4941 nmethods=3888 adapters=962
 compilation: enabled
              stopped_count=0, restarted_count=0
 full_count=0

Compilation events (20 events):
Event: 2.466 Thread 0x00000234d641eb10 nmethod 3869 0x00000234c3e44c10 code [0x00000234c3e44e00, 0x00000234c3e46538]
Event: 2.470 Thread 0x00000234d6be2fc0 3890       3       java.util.concurrent.ConcurrentHashMap::sumCount (60 bytes)
Event: 2.470 Thread 0x00000234d6be2fc0 nmethod 3890 0x00000234bc76ff10 code [0x00000234bc7700c0, 0x00000234bc770338]
Event: 2.473 Thread 0x00000234d62e7b40 3891       3       java.lang.invoke.LambdaForm$Name::internArguments (62 bytes)
Event: 2.474 Thread 0x00000234d6be2ab0 3892       3       java.lang.invoke.LambdaFormBuffer::indexOf (33 bytes)
Event: 2.474 Thread 0x00000234d6397750 3893       1       java.lang.invoke.InvokerBytecodeGenerator::setClassWriter (6 bytes)
Event: 2.474 Thread 0x00000234d62e7b40 nmethod 3891 0x00000234bc770490 code [0x00000234bc770680, 0x00000234bc770d88]
Event: 2.474 Thread 0x00000234d6be2ab0 nmethod 3892 0x00000234bc770f10 code [0x00000234bc7710e0, 0x00000234bc771498]
Event: 2.474 Thread 0x00000234d6397750 nmethod 3893 0x00000234c3e46f90 code [0x00000234c3e47120, 0x00000234c3e47238]
Event: 2.474 Thread 0x00000234d6be2fc0 3894       1       java.lang.Class::getClassData (5 bytes)
Event: 2.474 Thread 0x00000234d6be2fc0 nmethod 3894 0x00000234c3e47290 code [0x00000234c3e47420, 0x00000234c3e474f8]
Event: 2.474 Thread 0x00000234d62e7b40 3895       3       org.apache.logging.log4j.core.pattern.SimpleLiteralPatternConverter$StringValue::format (10 bytes)
Event: 2.474 Thread 0x00000234d6be2ab0 3896       3       java.util.Locale::hashCode (41 bytes)
Event: 2.474 Thread 0x00000234d6be2fc0 3897       3       java.util.Calendar::get (10 bytes)
Event: 2.474 Thread 0x00000234d62e7b40 nmethod 3895 0x00000234bc771590 code [0x00000234bc771740, 0x00000234bc7718e8]
Event: 2.474 Thread 0x00000234d6be2fc0 nmethod 3897 0x00000234bc771a10 code [0x00000234bc771bc0, 0x00000234bc771e28]
Event: 2.475 Thread 0x00000234d6be2ab0 nmethod 3896 0x00000234bc771f90 code [0x00000234bc772160, 0x00000234bc7723f8]
Event: 2.475 Thread 0x00000234d6be2fc0 3898       3       org.apache.logging.log4j.core.pattern.SimpleLiteralPatternConverter::format (6 bytes)
Event: 2.475 Thread 0x00000234d6be2fc0 nmethod 3898 0x00000234bc772590 code [0x00000234bc772740, 0x00000234bc772908]
Event: 2.549 Thread 0x00000234dc2c26b0 nmethod 3857 0x00000234c3e47590 code [0x00000234c3e47c40, 0x00000234c3e4ed08]

GC Heap History (12 events):
Event: 0.395 GC heap before
{Heap before GC invocations=0 (full 0):
 garbage-first heap   total 210944K, used 28672K [0x0000000733600000, 0x0000000800000000)
  region size 2048K, 11 young (22528K), 0 survivors (0K)
 Metaspace       used 2677K, committed 2880K, reserved 1114112K
  class space    used 254K, committed 384K, reserved 1048576K
}
Event: 0.398 GC heap after
{Heap after GC invocations=1 (full 0):
 garbage-first heap   total 210944K, used 11182K [0x0000000733600000, 0x0000000800000000)
  region size 2048K, 2 young (4096K), 2 survivors (4096K)
 Metaspace       used 2677K, committed 2880K, reserved 1114112K
  class space    used 254K, committed 384K, reserved 1048576K
}
Event: 0.666 GC heap before
{Heap before GC invocations=1 (full 0):
 garbage-first heap   total 210944K, used 33710K [0x0000000733600000, 0x0000000800000000)
  region size 2048K, 13 young (26624K), 2 survivors (4096K)
 Metaspace       used 4917K, committed 5056K, reserved 1114112K
  class space    used 476K, committed 576K, reserved 1048576K
}
Event: 0.669 GC heap after
{Heap after GC invocations=2 (full 0):
 garbage-first heap   total 210944K, used 13595K [0x0000000733600000, 0x0000000800000000)
  region size 2048K, 2 young (4096K), 2 survivors (4096K)
 Metaspace       used 4917K, committed 5056K, reserved 1114112K
  class space    used 476K, committed 576K, reserved 1048576K
}
Event: 0.867 GC heap before
{Heap before GC invocations=2 (full 0):
 garbage-first heap   total 210944K, used 68891K [0x0000000733600000, 0x0000000800000000)
  region size 2048K, 28 young (57344K), 2 survivors (4096K)
 Metaspace       used 4977K, committed 5184K, reserved 1114112K
  class space    used 476K, committed 576K, reserved 1048576K
}
Event: 0.871 GC heap after
{Heap after GC invocations=3 (full 0):
 garbage-first heap   total 210944K, used 21136K [0x0000000733600000, 0x0000000800000000)
  region size 2048K, 4 young (8192K), 4 survivors (8192K)
 Metaspace       used 4977K, committed 5184K, reserved 1114112K
  class space    used 476K, committed 576K, reserved 1048576K
}
Event: 1.263 GC heap before
{Heap before GC invocations=3 (full 0):
 garbage-first heap   total 210944K, used 137872K [0x0000000733600000, 0x0000000800000000)
  region size 2048K, 61 young (124928K), 4 survivors (8192K)
 Metaspace       used 5169K, committed 5440K, reserved 1114112K
  class space    used 485K, committed 640K, reserved 1048576K
}
Event: 1.269 GC heap after
{Heap after GC invocations=4 (full 0):
 garbage-first heap   total 210944K, used 26369K [0x0000000733600000, 0x0000000800000000)
  region size 2048K, 7 young (14336K), 7 survivors (14336K)
 Metaspace       used 5169K, committed 5440K, reserved 1114112K
  class space    used 485K, committed 640K, reserved 1048576K
}
Event: 1.384 GC heap before
{Heap before GC invocations=4 (full 0):
 garbage-first heap   total 210944K, used 139009K [0x0000000733600000, 0x0000000800000000)
  region size 2048K, 61 young (124928K), 7 survivors (14336K)
 Metaspace       used 5178K, committed 5440K, reserved 1114112K
  class space    used 485K, committed 640K, reserved 1048576K
}
Event: 1.389 GC heap after
{Heap after GC invocations=5 (full 0):
 garbage-first heap   total 210944K, used 31921K [0x0000000733600000, 0x0000000800000000)
  region size 2048K, 5 young (10240K), 5 survivors (10240K)
 Metaspace       used 5178K, committed 5440K, reserved 1114112K
  class space    used 485K, committed 640K, reserved 1048576K
}
Event: 1.983 GC heap before
{Heap before GC invocations=5 (full 0):
 garbage-first heap   total 210944K, used 146609K [0x0000000733600000, 0x0000000800000000)
  region size 2048K, 61 young (124928K), 5 survivors (10240K)
 Metaspace       used 9605K, committed 9920K, reserved 1114112K
  class space    used 1062K, committed 1216K, reserved 1048576K
}
Event: 1.990 GC heap after
{Heap after GC invocations=6 (full 0):
 garbage-first heap   total 253952K, used 35787K [0x0000000733600000, 0x0000000800000000)
  region size 2048K, 4 young (8192K), 4 survivors (8192K)
 Metaspace       used 9605K, committed 9920K, reserved 1114112K
  class space    used 1062K, committed 1216K, reserved 1048576K
}

Dll operation events (10 events):
Event: 0.007 Loaded shared library C:\Program Files\Pylo\MCreator\jdk\bin\java.dll
Event: 0.015 Loaded shared library C:\Program Files\Pylo\MCreator\jdk\bin\jsvml.dll
Event: 0.125 Loaded shared library C:\Program Files\Pylo\MCreator\jdk\bin\net.dll
Event: 0.126 Loaded shared library C:\Program Files\Pylo\MCreator\jdk\bin\nio.dll
Event: 0.129 Loaded shared library C:\Program Files\Pylo\MCreator\jdk\bin\zip.dll
Event: 0.183 Loaded shared library C:\Program Files\Pylo\MCreator\jdk\bin\jimage.dll
Event: 0.454 Loaded shared library C:\Program Files\Pylo\MCreator\jdk\bin\verify.dll
Event: 1.849 Loaded shared library C:\Program Files\Pylo\MCreator\jdk\bin\management.dll
Event: 1.851 Loaded shared library C:\Program Files\Pylo\MCreator\jdk\bin\management_ext.dll
Event: 2.419 Loaded shared library C:\Users\yochan\AppData\Local\Temp\lwjglyochan\3.3.1-build-7\lwjgl.dll

Deoptimization events (20 events):
Event: 2.310 Thread 0x00000234b4580b10 DEOPT PACKING pc=0x00000234c3dc5cbc sp=0x000000369f9fe640
Event: 2.310 Thread 0x00000234b4580b10 DEOPT UNPACKING pc=0x00000234c34d69a3 sp=0x000000369f9fe580 mode 2
Event: 2.327 Thread 0x00000234b4580b10 Uncommon trap: trap_request=0xffffffc6 fr.pc=0x00000234c3cba3f0 relative=0x0000000000002090
Event: 2.327 Thread 0x00000234b4580b10 Uncommon trap: reason=bimorphic_or_optimized_type_check action=maybe_recompile pc=0x00000234c3cba3f0 method=java.util.stream.AbstractPipeline.evaluate(Ljava/util/Spliterator;ZLjava/util/function/IntFunction;)Ljava/util/stream/Node; @ 23 c2
Event: 2.327 Thread 0x00000234b4580b10 DEOPT PACKING pc=0x00000234c3cba3f0 sp=0x000000369f9fed30
Event: 2.327 Thread 0x00000234b4580b10 DEOPT UNPACKING pc=0x00000234c34d69a3 sp=0x000000369f9fed30 mode 2
Event: 2.365 Thread 0x00000234b4580b10 Uncommon trap: trap_request=0xffffffde fr.pc=0x00000234c3d1a14c relative=0x000000000000072c
Event: 2.365 Thread 0x00000234b4580b10 Uncommon trap: reason=class_check action=maybe_recompile pc=0x00000234c3d1a14c method=java.nio.file.FileTreeWalker.next()Ljava/nio/file/FileTreeWalker$Event; @ 37 c2
Event: 2.365 Thread 0x00000234b4580b10 DEOPT PACKING pc=0x00000234c3d1a14c sp=0x000000369f9fe4f0
Event: 2.365 Thread 0x00000234b4580b10 DEOPT UNPACKING pc=0x00000234c34d69a3 sp=0x000000369f9fe4a8 mode 2
Event: 2.367 Thread 0x00000234b4580b10 DEOPT PACKING pc=0x00000234bc03f4e5 sp=0x000000369f9fdf20
Event: 2.367 Thread 0x00000234b4580b10 DEOPT UNPACKING pc=0x00000234c34d7143 sp=0x000000369f9fd370 mode 0
Event: 2.369 Thread 0x00000234b4580b10 Uncommon trap: trap_request=0xffffffde fr.pc=0x00000234c3caad6c relative=0x00000000000000cc
Event: 2.369 Thread 0x00000234b4580b10 Uncommon trap: reason=class_check action=maybe_recompile pc=0x00000234c3caad6c method=java.util.stream.AbstractPipeline.exactOutputSizeIfKnown(Ljava/util/Spliterator;)J @ 16 c2
Event: 2.369 Thread 0x00000234b4580b10 DEOPT PACKING pc=0x00000234c3caad6c sp=0x000000369f9fec70
Event: 2.369 Thread 0x00000234b4580b10 DEOPT UNPACKING pc=0x00000234c34d69a3 sp=0x000000369f9febf0 mode 2
Event: 2.472 Thread 0x00000234df178020 Uncommon trap: trap_request=0xffffff45 fr.pc=0x00000234c3c78324 relative=0x0000000000000104
Event: 2.472 Thread 0x00000234df178020 Uncommon trap: reason=unstable_if action=reinterpret pc=0x00000234c3c78324 method=java.util.concurrent.TimeUnit.convert(JLjava/util/concurrent/TimeUnit;)J @ 8 c2
Event: 2.472 Thread 0x00000234df178020 DEOPT PACKING pc=0x00000234c3c78324 sp=0x00000036a1efee10
Event: 2.472 Thread 0x00000234df178020 DEOPT UNPACKING pc=0x00000234c34d69a3 sp=0x00000036a1efedc0 mode 2

Classes unloaded (0 events):
No events

Classes redefined (0 events):
No events

Internal exceptions (20 events):
Event: 2.343 Thread 0x00000234b4580b10 Exception <a 'java/lang/NoSuchMethodError'{0x000000074128cc30}: 'java.lang.Object java.lang.invoke.DirectMethodHandle$Holder.invokeInterface(java.lang.Object, java.lang.Object, java.lang.Object, java.lang.Object)'> (0x000000074128cc30) 
thrown [s\src\hotspot\share\interpreter\linkResolver.cpp, line 759]
Event: 2.344 Thread 0x00000234b4580b10 Exception <a 'java/lang/NoSuchMethodError'{0x000000074129d940}: 'void java.lang.invoke.DirectMethodHandle$Holder.invokeStaticInit(java.lang.Object, java.lang.Object)'> (0x000000074129d940) 
thrown [s\src\hotspot\share\interpreter\linkResolver.cpp, line 759]
Event: 2.345 Thread 0x00000234b4580b10 Exception <a 'java/lang/NoSuchMethodError'{0x00000007412aa1b8}: 'java.lang.Object java.lang.invoke.DirectMethodHandle$Holder.invokeStaticInit(java.lang.Object, java.lang.Object, java.lang.Object, java.lang.Object)'> (0x00000007412aa1b8) 
thrown [s\src\hotspot\share\interpreter\linkResolver.cpp, line 759]
Event: 2.345 Thread 0x00000234b4580b10 Exception <a 'java/lang/IncompatibleClassChangeError'{0x00000007412afa60}: Found class java.lang.Object, but interface was expected> (0x00000007412afa60) 
thrown [s\src\hotspot\share\interpreter\linkResolver.cpp, line 826]
Event: 2.347 Thread 0x00000234b4580b10 Exception <a 'java/lang/IncompatibleClassChangeError'{0x00000007412e4bd8}: Found class java.lang.Object, but interface was expected> (0x00000007412e4bd8) 
thrown [s\src\hotspot\share\interpreter\linkResolver.cpp, line 826]
Event: 2.364 Thread 0x00000234b4580b10 Exception <a 'sun/nio/fs/WindowsException'{0x000000074107d648}> (0x000000074107d648) 
thrown [s\src\hotspot\share\prims\jni.cpp, line 516]
Event: 2.370 Thread 0x00000234b4580b10 Exception <a 'java/lang/NoSuchMethodError'{0x00000007410bf7b0}: 'java.lang.Object java.lang.invoke.DirectMethodHandle$Holder.invokeVirtual(java.lang.Object, java.lang.Object, java.lang.Object)'> (0x00000007410bf7b0) 
thrown [s\src\hotspot\share\interpreter\linkResolver.cpp, line 759]
Event: 2.387 Thread 0x00000234b4580b10 Exception <a 'java/lang/NoSuchMethodError'{0x0000000740e09a38}: 'java.lang.Object java.lang.invoke.DirectMethodHandle$Holder.invokeStatic(java.lang.Object, int, java.lang.Object, java.lang.Object, java.lang.Object, java.lang.Object)'> (0x0000000740e09a38) 
thrown [s\src\hotspot\share\interpreter\linkResolver.cpp, line 759]
Event: 2.387 Thread 0x00000234b4580b10 Exception <a 'java/lang/NoSuchMethodError'{0x0000000740e12260}: 'java.lang.Object java.lang.invoke.DirectMethodHandle$Holder.newInvokeSpecial(java.lang.Object, int, java.lang.Object, java.lang.Object)'> (0x0000000740e12260) 
thrown [s\src\hotspot\share\interpreter\linkResolver.cpp, line 759]
Event: 2.388 Thread 0x00000234b4580b10 Exception <a 'java/lang/NoSuchMethodError'{0x0000000740e16368}: 'java.lang.Object java.lang.invoke.DirectMethodHandle$Holder.invokeSpecial(java.lang.Object, java.lang.Object, int, java.lang.Object, java.lang.Object)'> (0x0000000740e16368) 
thrown [s\src\hotspot\share\interpreter\linkResolver.cpp, line 759]
Event: 2.417 Thread 0x00000234b4580b10 Exception <a 'sun/nio/fs/WindowsException'{0x0000000740cfb478}> (0x0000000740cfb478) 
thrown [s\src\hotspot\share\prims\jni.cpp, line 516]
Event: 2.417 Thread 0x00000234b4580b10 Exception <a 'sun/nio/fs/WindowsException'{0x0000000740cfb7d8}> (0x0000000740cfb7d8) 
thrown [s\src\hotspot\share\prims\jni.cpp, line 516]
Event: 2.427 Thread 0x00000234b4580b10 Exception <a 'sun/nio/fs/WindowsException'{0x0000000740ad0120}> (0x0000000740ad0120) 
thrown [s\src\hotspot\share\prims\jni.cpp, line 516]
Event: 2.427 Thread 0x00000234b4580b10 Exception <a 'sun/nio/fs/WindowsException'{0x0000000740ad0498}> (0x0000000740ad0498) 
thrown [s\src\hotspot\share\prims\jni.cpp, line 516]
Event: 2.436 Thread 0x00000234b4580b10 Exception <a 'java/lang/NoSuchMethodError'{0x0000000740bb1290}: 'int java.lang.invoke.DirectMethodHandle$Holder.invokeStaticInit(java.lang.Object, java.lang.Object, int, long)'> (0x0000000740bb1290) 
thrown [s\src\hotspot\share\interpreter\linkResolver.cpp, line 759]
Event: 2.437 Thread 0x00000234b4580b10 Exception <a 'java/lang/NoSuchMethodError'{0x0000000740bb6e20}: 'java.lang.Object java.lang.invoke.DirectMethodHandle$Holder.newInvokeSpecial(java.lang.Object, java.lang.Object, int)'> (0x0000000740bb6e20) 
thrown [s\src\hotspot\share\interpreter\linkResolver.cpp, line 759]
Event: 2.438 Thread 0x00000234b4580b10 Exception <a 'java/lang/NoSuchMethodError'{0x0000000740bcacf0}: 'int java.lang.invoke.DirectMethodHandle$Holder.invokeStaticInit(java.lang.Object, java.lang.Object, long, long)'> (0x0000000740bcacf0) 
thrown [s\src\hotspot\share\interpreter\linkResolver.cpp, line 759]
Event: 2.438 Thread 0x00000234b4580b10 Exception <a 'java/lang/NoSuchMethodError'{0x0000000740bd0c48}: 'java.lang.Object java.lang.invoke.DirectMethodHandle$Holder.newInvokeSpecial(java.lang.Object, java.lang.Object, long)'> (0x0000000740bd0c48) 
thrown [s\src\hotspot\share\interpreter\linkResolver.cpp, line 759]
Event: 2.439 Thread 0x00000234b4580b10 Exception <a 'java/lang/NoSuchMethodError'{0x0000000740bd47b8}: 'java.lang.Object java.lang.invoke.Invokers$Holder.linkToTargetMethod(java.lang.Object, long, java.lang.Object)'> (0x0000000740bd47b8) 
thrown [s\src\hotspot\share\interpreter\linkResolver.cpp, line 759]
Event: 2.439 Thread 0x00000234b4580b10 Exception <a 'java/lang/NoSuchMethodError'{0x0000000740bdbf30}: 'int java.lang.invoke.DirectMethodHandle$Holder.invokeStaticInit(java.lang.Object, java.lang.Object, java.lang.Object, long)'> (0x0000000740bdbf30) 
thrown [s\src\hotspot\share\interpreter\linkResolver.cpp, line 759]

VM Operations (20 events):
Event: 2.112 Executing VM operation: HandshakeAllThreads
Event: 2.112 Executing VM operation: HandshakeAllThreads done
Event: 2.113 Executing VM operation: HandshakeAllThreads
Event: 2.113 Executing VM operation: HandshakeAllThreads done
Event: 2.114 Executing VM operation: HandshakeAllThreads
Event: 2.114 Executing VM operation: HandshakeAllThreads done
Event: 2.161 Executing VM operation: HandshakeAllThreads
Event: 2.161 Executing VM operation: HandshakeAllThreads done
Event: 2.162 Executing VM operation: HandshakeAllThreads
Event: 2.162 Executing VM operation: HandshakeAllThreads done
Event: 2.187 Executing VM operation: HandshakeAllThreads
Event: 2.187 Executing VM operation: HandshakeAllThreads done
Event: 2.256 Executing VM operation: HandshakeAllThreads
Event: 2.256 Executing VM operation: HandshakeAllThreads done
Event: 2.309 Executing VM operation: HandshakeAllThreads
Event: 2.309 Executing VM operation: HandshakeAllThreads done
Event: 2.349 Executing VM operation: ICBufferFull
Event: 2.349 Executing VM operation: ICBufferFull done
Event: 2.473 Executing VM operation: HandshakeAllThreads
Event: 2.473 Executing VM operation: HandshakeAllThreads done

Events (20 events):
Event: 2.435 loading class java/nio/DirectDoubleBufferU done
Event: 2.436 loading class java/util/function/LongPredicate
Event: 2.436 loading class java/util/function/LongPredicate done
Event: 2.441 loading class java/nio/InvalidMarkException
Event: 2.442 loading class java/nio/InvalidMarkException done
Event: 2.442 loading class java/nio/BufferUnderflowException
Event: 2.442 loading class java/nio/BufferUnderflowException done
Event: 2.471 loading class java/util/concurrent/ScheduledThreadPoolExecutor$ScheduledFutureTask
Event: 2.471 loading class java/util/concurrent/FutureTask
Event: 2.471 loading class java/util/concurrent/FutureTask done
Event: 2.471 loading class java/util/concurrent/ScheduledThreadPoolExecutor$ScheduledFutureTask done
Event: 2.472 loading class java/util/concurrent/FutureTask$WaitNode
Event: 2.472 loading class java/util/concurrent/FutureTask$WaitNode done
Event: 2.472 loading class java/util/concurrent/Executors$RunnableAdapter
Event: 2.472 loading class java/util/concurrent/Executors$RunnableAdapter done
Event: 2.472 Thread 0x00000234df178020 Thread added: 0x00000234df178020
Event: 2.472 loading class java/util/concurrent/locks/AbstractQueuedSynchronizer$ConditionNode
Event: 2.472 loading class java/util/concurrent/ForkJoinPool$ManagedBlocker
Event: 2.472 loading class java/util/concurrent/ForkJoinPool$ManagedBlocker done
Event: 2.472 loading class java/util/concurrent/locks/AbstractQueuedSynchronizer$ConditionNode done


Dynamic libraries:
0x00007ff693ba0000 - 0x00007ff693bae000 	C:\Program Files\Pylo\MCreator\jdk\bin\java.exe
0x00007ffd004d0000 - 0x00007ffd006e4000 	C:\WINDOWS\SYSTEM32\ntdll.dll
0x00007ffcff690000 - 0x00007ffcff754000 	C:\WINDOWS\System32\KERNEL32.DLL
0x00007ffcfdc60000 - 0x00007ffcfe004000 	C:\WINDOWS\System32\KERNELBASE.dll
0x00007ffcfa940000 - 0x00007ffcfa9d7000 	C:\WINDOWS\SYSTEM32\apphelp.dll
0x00007ffcfd8b0000 - 0x00007ffcfd9c1000 	C:\WINDOWS\System32\ucrtbase.dll
0x00007ffce2b30000 - 0x00007ffce2b49000 	C:\Program Files\Pylo\MCreator\jdk\bin\VCRUNTIME140.dll
0x00007ffce2b50000 - 0x00007ffce2b67000 	C:\Program Files\Pylo\MCreator\jdk\bin\jli.dll
0x00007ffcfe3b0000 - 0x00007ffcfe55a000 	C:\WINDOWS\System32\USER32.dll
0x00007ffcfdbb0000 - 0x00007ffcfdbd6000 	C:\WINDOWS\System32\win32u.dll
0x00007ffce72e0000 - 0x00007ffce756f000 	C:\WINDOWS\WinSxS\amd64_microsoft.windows.common-controls_6595b64144ccf1df_6.0.22621.2070_none_2713e6537381f706\COMCTL32.dll
0x00007ffd00220000 - 0x00007ffd00249000 	C:\WINDOWS\System32\GDI32.dll
0x00007ffd00170000 - 0x00007ffd00217000 	C:\WINDOWS\System32\msvcrt.dll
0x00007ffcfe170000 - 0x00007ffcfe289000 	C:\WINDOWS\System32\gdi32full.dll
0x00007ffcfe0d0000 - 0x00007ffcfe16a000 	C:\WINDOWS\System32\msvcp_win.dll
0x00007ffcfea80000 - 0x00007ffcfeab1000 	C:\WINDOWS\System32\IMM32.DLL
0x00007ffce31b0000 - 0x00007ffce31bc000 	C:\Program Files\Pylo\MCreator\jdk\bin\vcruntime140_1.dll
0x00007ffc8d150000 - 0x00007ffc8d1e1000 	C:\Program Files\Pylo\MCreator\jdk\bin\msvcp140.dll
0x00007ffc8bdf0000 - 0x00007ffc8ca38000 	C:\Program Files\Pylo\MCreator\jdk\bin\server\jvm.dll
0x00007ffcff760000 - 0x00007ffcff810000 	C:\WINDOWS\System32\ADVAPI32.dll
0x00007ffcfe300000 - 0x00007ffcfe3a6000 	C:\WINDOWS\System32\sechost.dll
0x00007ffcffe00000 - 0x00007ffcfff17000 	C:\WINDOWS\System32\RPCRT4.dll
0x00007ffcf2780000 - 0x00007ffcf27b4000 	C:\WINDOWS\SYSTEM32\WINMM.dll
0x00007ffcf27c0000 - 0x00007ffcf27ca000 	C:\WINDOWS\SYSTEM32\VERSION.dll
0x00007ffce2b20000 - 0x00007ffce2b29000 	C:\WINDOWS\SYSTEM32\WSOCK32.dll
0x00007ffd00250000 - 0x00007ffd002c1000 	C:\WINDOWS\System32\WS2_32.dll
0x00007ffcfc8a0000 - 0x00007ffcfc8b8000 	C:\WINDOWS\SYSTEM32\kernel.appcore.dll
0x00007ffce2b10000 - 0x00007ffce2b1a000 	C:\Program Files\Pylo\MCreator\jdk\bin\jimage.dll
0x00007ffcfb300000 - 0x00007ffcfb52e000 	C:\WINDOWS\SYSTEM32\DBGHELP.DLL
0x00007ffcfeac0000 - 0x00007ffcfee4a000 	C:\WINDOWS\System32\combase.dll
0x00007ffcffc90000 - 0x00007ffcffd67000 	C:\WINDOWS\System32\OLEAUT32.dll
0x00007ffce9ed0000 - 0x00007ffce9f02000 	C:\WINDOWS\SYSTEM32\dbgcore.DLL
0x00007ffcfdbe0000 - 0x00007ffcfdc5a000 	C:\WINDOWS\System32\bcryptPrimitives.dll
0x00007ffce2ae0000 - 0x00007ffce2b05000 	C:\Program Files\Pylo\MCreator\jdk\bin\java.dll
0x00007ffc8d070000 - 0x00007ffc8d146000 	C:\Program Files\Pylo\MCreator\jdk\bin\jsvml.dll
0x00007ffcfee50000 - 0x00007ffcff666000 	C:\WINDOWS\System32\SHELL32.dll
0x00007ffcfb880000 - 0x00007ffcfc16a000 	C:\WINDOWS\SYSTEM32\windows.storage.dll
0x00007ffcfb740000 - 0x00007ffcfb87e000 	C:\WINDOWS\SYSTEM32\wintypes.dll
0x00007ffcfff20000 - 0x00007ffd00013000 	C:\WINDOWS\System32\SHCORE.dll
0x00007ffcfe8a0000 - 0x00007ffcfe8fe000 	C:\WINDOWS\System32\shlwapi.dll
0x00007ffcfd7e0000 - 0x00007ffcfd806000 	C:\WINDOWS\SYSTEM32\profapi.dll
0x00007ffce2ac0000 - 0x00007ffce2ad9000 	C:\Program Files\Pylo\MCreator\jdk\bin\net.dll
0x00007ffcf5ff0000 - 0x00007ffcf6127000 	C:\WINDOWS\SYSTEM32\WINHTTP.dll
0x00007ffcfcd70000 - 0x00007ffcfcdd9000 	C:\WINDOWS\system32\mswsock.dll
0x00007ffce2aa0000 - 0x00007ffce2ab5000 	C:\Program Files\Pylo\MCreator\jdk\bin\nio.dll
0x00007ffcbb1d0000 - 0x00007ffcbb1e8000 	C:\Program Files\Pylo\MCreator\jdk\bin\zip.dll
0x00007ffcac370000 - 0x00007ffcac380000 	C:\Program Files\Pylo\MCreator\jdk\bin\verify.dll
0x00007ffce2050000 - 0x00007ffce2059000 	C:\Program Files\Pylo\MCreator\jdk\bin\management.dll
0x00007ffcbb190000 - 0x00007ffcbb19b000 	C:\Program Files\Pylo\MCreator\jdk\bin\management_ext.dll
0x00007ffcfe820000 - 0x00007ffcfe828000 	C:\WINDOWS\System32\PSAPI.DLL
0x00007ffcbd500000 - 0x00007ffcbd517000 	C:\WINDOWS\system32\napinsp.dll
0x00007ffcbd4e0000 - 0x00007ffcbd4fb000 	C:\WINDOWS\system32\pnrpnsp.dll
0x00007ffcfc440000 - 0x00007ffcfc533000 	C:\WINDOWS\SYSTEM32\DNSAPI.dll
0x00007ffcfc410000 - 0x00007ffcfc43d000 	C:\WINDOWS\SYSTEM32\IPHLPAPI.DLL
0x00007ffcfe560000 - 0x00007ffcfe569000 	C:\WINDOWS\System32\NSI.dll
0x00007ffcbd4c0000 - 0x00007ffcbd4d1000 	C:\WINDOWS\System32\winrnr.dll
0x00007ffcf68f0000 - 0x00007ffcf6905000 	C:\WINDOWS\system32\wshbth.dll
0x00007ffcbd490000 - 0x00007ffcbd4b1000 	C:\WINDOWS\system32\nlansp_c.dll
0x00007ffcef620000 - 0x00007ffcef62a000 	C:\Windows\System32\rasadhlp.dll
0x00007ffcf4130000 - 0x00007ffcf41b4000 	C:\WINDOWS\System32\fwpuclnt.dll
0x00007ffcac880000 - 0x00007ffcac8f5000 	C:\Users\yochan\AppData\Local\Temp\lwjglyochan\3.3.1-build-7\lwjgl.dll
0x00007ffc8b780000 - 0x00007ffc8b7e1000 	C:\Users\yochan\AppData\Local\Temp\lwjglyochan\3.3.1-build-7\glfw.dll
0x00007ffcaed90000 - 0x00007ffcaedd6000 	C:\WINDOWS\SYSTEM32\dinput8.dll
0x00007ffcbe110000 - 0x00007ffcbe121000 	C:\WINDOWS\SYSTEM32\xinput1_4.dll
0x00007ffcfd4b0000 - 0x00007ffcfd4fe000 	C:\WINDOWS\SYSTEM32\cfgmgr32.dll
0x00007ffcfd480000 - 0x00007ffcfd4ac000 	C:\WINDOWS\SYSTEM32\DEVOBJ.dll
0x00007ffcfae50000 - 0x00007ffcfae7b000 	C:\WINDOWS\SYSTEM32\dwmapi.dll
0x00007ffcf2990000 - 0x00007ffcf2b91000 	C:\WINDOWS\SYSTEM32\inputhost.dll
0x00007ffcfa550000 - 0x00007ffcfa683000 	C:\WINDOWS\SYSTEM32\CoreMessaging.dll
0x00007ffcfab00000 - 0x00007ffcfabab000 	C:\WINDOWS\system32\uxtheme.dll
0x00007ffcfcfe0000 - 0x00007ffcfcfec000 	C:\WINDOWS\SYSTEM32\CRYPTBASE.DLL
0x00007ffd00020000 - 0x00007ffd00147000 	C:\WINDOWS\System32\MSCTF.dll
0x00007ffcae9d0000 - 0x00007ffcaead0000 	C:\WINDOWS\SYSTEM32\opengl32.dll
0x00007ffcecb00000 - 0x00007ffcecb2d000 	C:\WINDOWS\SYSTEM32\GLU32.dll
0x00007ffcfac10000 - 0x00007ffcfac48000 	C:\WINDOWS\SYSTEM32\dxcore.dll
0x00007ffcf6d50000 - 0x00007ffcf6d9a000 	C:\WINDOWS\SYSTEM32\directxdatabasehelper.dll
0x00007ffcfe5c0000 - 0x00007ffcfe670000 	C:\WINDOWS\System32\clbcatq.dll
0x00007ffcf6fd0000 - 0x00007ffcf7105000 	C:\Windows\System32\AppXDeploymentClient.dll
0x00007ffcee550000 - 0x00007ffcee646000 	C:\Windows\System32\Windows.ApplicationModel.dll
0x00007ffcfe680000 - 0x00007ffcfe81c000 	C:\WINDOWS\System32\ole32.dll
0x00007ffcf8630000 - 0x00007ffcf8731000 	C:\WINDOWS\system32\propsys.dll
0x00007ffcd84d0000 - 0x00007ffcd8575000 	C:\Windows\System32\Windows.FileExplorer.Common.dll
0x00007ffcbbed0000 - 0x00007ffcbbef6000 	C:\WINDOWS\system32\mssprxy.dll
0x00007ffcee940000 - 0x00007ffceea2b000 	C:\Windows\System32\Windows.StateRepositoryPS.dll
0x00007ffcf3fe0000 - 0x00007ffcf401d000 	C:\WINDOWS\SYSTEM32\windows.staterepositoryclient.dll
0x00007ffcf8d30000 - 0x00007ffcf8d5d000 	C:\WINDOWS\System32\DriverStore\FileRepository\u0390451.inf_amd64_39377efdd62734d1\B390182\atig6pxx.dll
0x00007ffc52850000 - 0x00007ffc56485000 	C:\WINDOWS\System32\DriverStore\FileRepository\u0390451.inf_amd64_39377efdd62734d1\B390182\atio6axx.dll
0x00007ffcff810000 - 0x00007ffcffc84000 	C:\WINDOWS\System32\SETUPAPI.dll
0x00007ffcfd9d0000 - 0x00007ffcfda3b000 	C:\WINDOWS\System32\WINTRUST.dll
0x00007ffcfda40000 - 0x00007ffcfdba7000 	C:\WINDOWS\System32\CRYPT32.dll
0x00007ffcfd020000 - 0x00007ffcfd032000 	C:\WINDOWS\SYSTEM32\MSASN1.dll

dbghelp: loaded successfully - version: 4.0.5 - missing functions: none
symbol engine: initialized successfully - sym options: 0x614 - pdb path: .;C:\Program Files\Pylo\MCreator\jdk\bin;C:\WINDOWS\SYSTEM32;C:\WINDOWS\WinSxS\amd64_microsoft.windows.common-controls_6595b64144ccf1df_6.0.22621.2070_none_2713e6537381f706;C:\Program Files\Pylo\MCreator\jdk\bin\server;C:\Users\yochan\AppData\Local\Temp\lwjglyochan\3.3.1-build-7;C:\WINDOWS\System32\DriverStore\FileRepository\u0390451.inf_amd64_39377efdd62734d1\B390182

VM Arguments:
jvm_args: -Dforge.enableGameTest=true -Dforge.logging.console.level=debug -Dforge.logging.markers=REGISTRIES -DignoreList=bootstraplauncher,securejarhandler,asm-commons,asm-util,asm-analysis,asm-tree,asm,JarJarFileSystems,client-extra,fmlcore,javafmllanguage,lowcodelanguage,mclanguage,forge- -Djava.net.preferIPv6Addresses=system -DlegacyClassPath.file=C:\Users\yochan\MCreatorWorkspaces\chakra\build\classpath\runClient_minecraftClasspath.txt -DmergeModules=jna-5.10.0.jar,jna-platform-5.10.0.jar --module-path=C:\Users\yochan\.mcreator\gradle\caches\modules-2\files-2.1\cpw.mods\bootstraplauncher\1.1.2\c546e00443d8432cda6baa1c860346980742628\bootstraplauncher-1.1.2.jar;C:\Users\yochan\.mcreator\gradle\caches\modules-2\files-2.1\cpw.mods\securejarhandler\2.1.10\51e6a22c6c716beb11e244bf5b8be480f51dd6b5\securejarhandler-2.1.10.jar;C:\Users\yochan\.mcreator\gradle\caches\modules-2\files-2.1\org.ow2.asm\asm-commons\9.5\19ab5b5800a3910d30d3a3e64fdb00fd0cb42de0\asm-commons-9.5.jar;C:\Users\yochan\.mcreator\gradle\caches\modules-2\files-2.1\org.ow2.asm\asm-util\9.5\64b5a1fc8c1b15ed2efd6a063e976bc8d3dc5ffe\asm-util-9.5.jar;C:\Users\yochan\.mcreator\gradle\caches\modules-2\files-2.1\org.ow2.asm\asm-analysis\9.5\490bacc77de7cbc0be1a30bb3471072d705be4a4\asm-analysis-9.5.jar;C:\Users\yochan\.mcreator\gradle\caches\modules-2\files-2.1\org.ow2.asm\asm-tree\9.5\fd33c8b6373abaa675be407082fdfda35021254a\asm-tree-9.5.jar;C:\Users\yochan\.mcreator\gradle\caches\modules-2\files-2.1\org.ow2.asm\asm\9.5\dc6ea1875f4d64fbc85e1691c95b96a3d8569c90\asm-9.5.jar;C:\Users\yochan\.mcreator\gradle\caches\modules-2\files-2.1\net.minecraftforge\JarJarFileSystems\0.3.19\2464eb7d6b9ddb9db36a82cf8a95193e5c6fe020\JarJarFileSystems-0.3.19.jar --add-modules=ALL-MODULE-PATH --add-opens=java.base/java.util.jar=cpw.mods.securejarhandler --add-opens=java.base/java.lang.invoke=cpw.mods.securejarhandler --add-exports=java.base/sun.security.util=cpw.mods.securejarhandler --add-exports=jdk.naming.dns/com.sun.jndi.dns=java.naming -XX:HeapDumpPath=MojangTricksIntelDriversForPerformance_javaw.exe_minecraft.exe.heapdump -Dfile.encoding=UTF-8 -Duser.country=US -Duser.language=en -Duser.variant 
java_command: cpw.mods.bootstraplauncher.BootstrapLauncher --launchTarget forgeclientuserdev --version MOD_DEV --assetIndex 5 --assetsDir C:\Users\yochan\.mcreator\gradle\caches\forge_gradle\assets --gameDir . --fml.forgeVersion 47.1.0 --fml.mcVersion 1.20.1 --fml.forgeGroup net.minecraftforge --fml.mcpVersion 20230612.114412
java_class_path (initial): C:\Users\yochan\MCreatorWorkspaces\chakra\build\classes\java\main;C:\Users\yochan\MCreatorWorkspaces\chakra\build\resources\main;C:\Users\yochan\.mcreator\gradle\caches\forge_gradle\minecraft_user_repo\net\minecraftforge\forge\1.20.1-47.1.0_mapped_official_1.20.1\forge-1.20.1-47.1.0_mapped_official_1.20.1-recomp.jar;C:\Users\yochan\.mcreator\gradle\caches\forge_gradle\minecraft_repo\versions\1.20.1\client-extra.jar;C:\Users\yochan\.mcreator\gradle\caches\modules-2\files-2.1\net.minecraftforge\fmlearlydisplay\1.20.1-47.1.0\faf61a8a8cc80e82a5691fac00149f06eeaf0438\fmlearlydisplay-1.20.1-47.1.0.jar;C:\Users\yochan\.mcreator\gradle\caches\modules-2\files-2.1\net.minecraftforge\javafmllanguage\1.20.1-47.1.0\a2cd58d15791eaac9983e30be0995e66bd48633e\javafmllanguage-1.20.1-47.1.0.jar;C:\Users\yochan\.mcreator\gradle\caches\modules-2\files-2.1\net.minecraftforge\lowcodelanguage\1.20.1-47.1.0\f1f11b7217b8320f1b3eb81c746b7b8a70a9ba06\lowcodelanguage-1.20.1-47.1.0.jar;C:\Users\yochan\.mcreator\gradle\caches\modules-2\files-2.1\net.minecraftforge\mclanguage\1.20.1-47.1.0\ff1b8eeb1bd00dfb130263b8952b931f5369252e\mclanguage-1.20.1-47.1.0.jar;C:\Users\yochan\.mcreator\gradle\caches\modules-2\files-2.1\net.minecraftforge\fmlcore\1.20.1-47.1.0\69ca36ae5b8d45c377a5485dc38a7343e5ebf33c\fmlcore-1.20.1-47.1.0.jar;C:\Users\yochan\.mcreator\gradle\caches\modules-2\files-2.1\net.minecraftforge\fmlloader\1.20.1-47.1.0\f7b5e4ef130d184e0ea48e6d8bf0a2d90757e8c6\fmlloader-1.20.1-47.1.0.jar;C:\Users\yochan\.mcreator\gradle\caches\modules-2\files-2.1\net.minecraftforge\JarJarSelector\0.3.19\376cc9c8ea60720cf027c01fc033de915699801c\JarJarSelector-0.3.19.jar;C:\Users\yochan\.mcreator\gradle\caches\modules-2\files-2.1\net.minecraftforge\JarJarMetadata\0.3.19\83feaa9b770e6ac0e96ee4fc23fa89325c5fe2\JarJarMetadata-0.3.19.jar;C:\Users\yochan\.mcreator\gradle\caches\modules-2\files-2.1\com.google.guava\guava\31.1-jre\60458f877d055d0c9114d9e1a2efb737b4bc282c\guava-31.1-jre.jar;
Launcher Type: SUN_STANDARD

[Global flags]
     intx CICompilerCount                          = 12                                        {product} {ergonomic}
     uint ConcGCThreads                            = 3                                         {product} {ergonomic}
     uint G1ConcRefinementThreads                  = 13                                        {product} {ergonomic}
   size_t G1HeapRegionSize                         = 2097152                                   {product} {ergonomic}
    uintx GCDrainStackTargetSize                   = 64                                        {product} {ergonomic}
    ccstr HeapDumpPath                             = MojangTricksIntelDriversForPerformance_javaw.exe_minecraft.exe.heapdump         {manageable} {command line}
   size_t InitialHeapSize                          = 216006656                                 {product} {ergonomic}
   size_t MarkStackSize                            = 4194304                                   {product} {ergonomic}
   size_t MaxHeapSize                              = 3433037824                                {product} {ergonomic}
   size_t MaxNewSize                               = 2059403264                                {product} {ergonomic}
   size_t MinHeapDeltaBytes                        = 2097152                                   {product} {ergonomic}
   size_t MinHeapSize                              = 8388608                                   {product} {ergonomic}
    uintx NonNMethodCodeHeapSize                   = 7602480                                {pd product} {ergonomic}
    uintx NonProfiledCodeHeapSize                  = 122027880                              {pd product} {ergonomic}
    uintx ProfiledCodeHeapSize                     = 122027880                              {pd product} {ergonomic}
    uintx ReservedCodeCacheSize                    = 251658240                              {pd product} {ergonomic}
     bool SegmentedCodeCache                       = true                                      {product} {ergonomic}
   size_t SoftMaxHeapSize                          = 3433037824                             {manageable} {ergonomic}
     bool UseCompressedClassPointers               = true                           {product lp64_product} {ergonomic}
     bool UseCompressedOops                        = true                           {product lp64_product} {ergonomic}
     bool UseG1GC                                  = true                                      {product} {ergonomic}
     bool UseLargePagesIndividualAllocation        = false                                  {pd product} {ergonomic}

Logging:
Log output configuration:
 #0: stdout all=warning uptime,level,tags
 #1: stderr all=off uptime,level,tags

Environment Variables:
JAVA_HOME=C:\Program Files\Pylo\MCreator\jdk
PATH=C:\Program Files (x86)\Common Files\Oracle\Java\javapath;C:\Program Files\Oculus\Support\oculus-runtime;C:\WINDOWS\system32;C:\WINDOWS;C:\WINDOWS\System32\Wbem;C:\WINDOWS\System32\WindowsPowerShell\v1.0\;C:\WINDOWS\System32\OpenSSH\;C:\Program Files (x86)\NVIDIA Corporation\PhysX\Common;C:\Program Files\Git\cmd;C:\Users\yochan\AppData\Local\Programs\Python\Python310\Scripts\;C:\Users\yochan\AppData\Local\Programs\Python\Python310\;C:\Users\yochan\AppData\Local\Microsoft\WindowsApps;C:\Users\yochan\AppData\Local\Programs\Microsoft VS Code\bin;;C:\Program Files\Pylo\MCreator\jdk\bin
USERNAME=yochan
OS=Windows_NT
PROCESSOR_IDENTIFIER=AMD64 Family 25 Model 68 Stepping 1, AuthenticAMD
TMP=C:\Users\yochan\AppData\Local\Temp
TEMP=C:\Users\yochan\AppData\Local\Temp



---------------  S Y S T E M  ---------------

OS:
 Windows 11 , 64 bit Build 22621 (10.0.22621.2070)
OS uptime: 0 days 0:49 hours

CPU: total 16 (initial active 16) (16 cores per cpu, 2 threads per core) family 25 model 68 stepping 1 microcode 0x0, cx8, cmov, fxsr, ht, mmx, 3dnowpref, sse, sse2, sse3, ssse3, sse4a, sse4.1, sse4.2, popcnt, lzcnt, tsc, tscinvbit, avx, avx2, aes, erms, clmul, bmi1, bmi2, adx, sha, fma, vzeroupper, clflush, clflushopt

Memory: 4k page, system-wide physical 13093M (2070M free)
TotalPageFile size 24869M (AvailPageFile size 7777M)
current process WorkingSet (physical memory assigned to process): 353M, peak: 355M
current process commit charge ("private bytes"): 454M, peak: 457M

vm_info: OpenJDK 64-Bit Server VM (17.0.7+7) for windows-amd64 JRE (17.0.7+7), built on Apr 18 2023 22:10:42 by "temurin" with MS VC++ 16.7 (VS2019)

END.
